[0.036s] Invoking command in '/home/alpha/Desktop/mecanumbot/build/mecanumbot_hardware': CMAKE_PREFIX_PATH=${CMAKE_PREFIX_PATH}:/home/alpha/ws_moveit/install/moveit_configs_utils:/home/alpha/roarm_ws_em0/install/ros2web_widgets:/home/alpha/roarm_ws_em0/install/ros2web_example_py:/home/alpha/roarm_ws_em0/install/roarm_web_app:/home/alpha/roarm_ws_em0/install/ros2web_app:/home/alpha/roarm_ws_em0/install/ros2web:/home/alpha/roarm_ws_em0/install/roarm_driver:/home/alpha/roarm_ws_em0/install/launch_api:/opt/ros/humble /usr/bin/cmake --build /home/alpha/Desktop/mecanumbot/build/mecanumbot_hardware -- -j12 -l12
[0.210s] [ 25%] Built target can_interface_lib
[0.288s] [ 50%] Built target motor_controller_lib
[0.370s] [ 62%] [32mBuilding CXX object CMakeFiles/mecanumbot_hardware_lib.dir/src/mecanumbot_hardware.cpp.o[0m
[3.005s] [ 75%] [32m[1mLinking CXX shared library libmecanumbot_hardware_lib.so[0m
[3.696s] [ 75%] Built target mecanumbot_hardware_lib
[3.798s] [ 87%] [32m[1mLinking CXX executable mecanumbot_system[0m
[4.858s] [100%] Built target mecanumbot_system
[4.894s] Invoked command in '/home/alpha/Desktop/mecanumbot/build/mecanumbot_hardware' returned '0': CMAKE_PREFIX_PATH=${CMAKE_PREFIX_PATH}:/home/alpha/ws_moveit/install/moveit_configs_utils:/home/alpha/roarm_ws_em0/install/ros2web_widgets:/home/alpha/roarm_ws_em0/install/ros2web_example_py:/home/alpha/roarm_ws_em0/install/roarm_web_app:/home/alpha/roarm_ws_em0/install/ros2web_app:/home/alpha/roarm_ws_em0/install/ros2web:/home/alpha/roarm_ws_em0/install/roarm_driver:/home/alpha/roarm_ws_em0/install/launch_api:/opt/ros/humble /usr/bin/cmake --build /home/alpha/Desktop/mecanumbot/build/mecanumbot_hardware -- -j12 -l12
[4.925s] Invoking command in '/home/alpha/Desktop/mecanumbot/build/mecanumbot_hardware': CMAKE_PREFIX_PATH=${CMAKE_PREFIX_PATH}:/home/alpha/ws_moveit/install/moveit_configs_utils:/home/alpha/roarm_ws_em0/install/ros2web_widgets:/home/alpha/roarm_ws_em0/install/ros2web_example_py:/home/alpha/roarm_ws_em0/install/roarm_web_app:/home/alpha/roarm_ws_em0/install/ros2web_app:/home/alpha/roarm_ws_em0/install/ros2web:/home/alpha/roarm_ws_em0/install/roarm_driver:/home/alpha/roarm_ws_em0/install/launch_api:/opt/ros/humble /usr/bin/cmake --install /home/alpha/Desktop/mecanumbot/build/mecanumbot_hardware
[4.950s] -- Install configuration: ""
[4.951s] -- Up-to-date: /home/alpha/Desktop/mecanumbot/install/mecanumbot_hardware/share/mecanumbot_hardware/mecanumbot_hardware.xml
[4.951s] -- Up-to-date: /home/alpha/Desktop/mecanumbot/install/mecanumbot_hardware/share/mecanumbot_hardware/mecanumbot_hardware.xml
[4.951s] -- Up-to-date: /home/alpha/Desktop/mecanumbot/install/mecanumbot_hardware/lib/libcan_interface_lib.so
[4.952s] -- Up-to-date: /home/alpha/Desktop/mecanumbot/install/mecanumbot_hardware/lib/libmotor_controller_lib.so
[4.952s] -- Installing: /home/alpha/Desktop/mecanumbot/install/mecanumbot_hardware/lib/libmecanumbot_hardware_lib.so
[4.954s] -- Set runtime path of "/home/alpha/Desktop/mecanumbot/install/mecanumbot_hardware/lib/libmecanumbot_hardware_lib.so" to ""
[4.954s] -- Installing: /home/alpha/Desktop/mecanumbot/install/mecanumbot_hardware/lib/mecanumbot_hardware/mecanumbot_system
[4.956s] -- Set runtime path of "/home/alpha/Desktop/mecanumbot/install/mecanumbot_hardware/lib/mecanumbot_hardware/mecanumbot_system" to ""
[4.957s] -- Up-to-date: /home/alpha/Desktop/mecanumbot/install/mecanumbot_hardware/include/
[4.957s] -- Up-to-date: /home/alpha/Desktop/mecanumbot/install/mecanumbot_hardware/include//mecanumbot_hardware
[4.957s] -- Up-to-date: /home/alpha/Desktop/mecanumbot/install/mecanumbot_hardware/include//mecanumbot_hardware/can_interface.hpp
[4.958s] -- Up-to-date: /home/alpha/Desktop/mecanumbot/install/mecanumbot_hardware/include//mecanumbot_hardware/motor_controller.hpp
[4.958s] -- Up-to-date: /home/alpha/Desktop/mecanumbot/install/mecanumbot_hardware/include//mecanumbot_hardware/mecanumbot_hardware.hpp
[4.958s] -- Up-to-date: /home/alpha/Desktop/mecanumbot/install/mecanumbot_hardware/share/mecanumbot_hardware/launch
[4.959s] -- Up-to-date: /home/alpha/Desktop/mecanumbot/install/mecanumbot_hardware/share/mecanumbot_hardware/launch/mecanumbot_control.launch.py
[4.959s] -- Up-to-date: /home/alpha/Desktop/mecanumbot/install/mecanumbot_hardware/share/mecanumbot_hardware/urdf
[4.960s] -- Up-to-date: /home/alpha/Desktop/mecanumbot/install/mecanumbot_hardware/share/mecanumbot_hardware/urdf/mecanumbot.urdf
[4.960s] -- Up-to-date: /home/alpha/Desktop/mecanumbot/install/mecanumbot_hardware/share/mecanumbot_hardware/config
[4.960s] -- Installing: /home/alpha/Desktop/mecanumbot/install/mecanumbot_hardware/share/mecanumbot_hardware/config/mecanumbot_controllers.yaml
[4.960s] -- Up-to-date: /home/alpha/Desktop/mecanumbot/install/mecanumbot_hardware/share/mecanumbot_hardware/mecanumbot_hardware.xml
[4.961s] -- Up-to-date: /home/alpha/Desktop/mecanumbot/install/mecanumbot_hardware/share/ament_index/resource_index/package_run_dependencies/mecanumbot_hardware
[4.961s] -- Up-to-date: /home/alpha/Desktop/mecanumbot/install/mecanumbot_hardware/share/ament_index/resource_index/parent_prefix_path/mecanumbot_hardware
[4.961s] -- Up-to-date: /home/alpha/Desktop/mecanumbot/install/mecanumbot_hardware/share/mecanumbot_hardware/environment/ament_prefix_path.sh
[4.961s] -- Up-to-date: /home/alpha/Desktop/mecanumbot/install/mecanumbot_hardware/share/mecanumbot_hardware/environment/ament_prefix_path.dsv
[4.962s] -- Up-to-date: /home/alpha/Desktop/mecanumbot/install/mecanumbot_hardware/share/mecanumbot_hardware/environment/path.sh
[4.962s] -- Up-to-date: /home/alpha/Desktop/mecanumbot/install/mecanumbot_hardware/share/mecanumbot_hardware/environment/path.dsv
[4.962s] -- Up-to-date: /home/alpha/Desktop/mecanumbot/install/mecanumbot_hardware/share/mecanumbot_hardware/local_setup.bash
[4.963s] -- Up-to-date: /home/alpha/Desktop/mecanumbot/install/mecanumbot_hardware/share/mecanumbot_hardware/local_setup.sh
[4.964s] -- Up-to-date: /home/alpha/Desktop/mecanumbot/install/mecanumbot_hardware/share/mecanumbot_hardware/local_setup.zsh
[4.965s] -- Up-to-date: /home/alpha/Desktop/mecanumbot/install/mecanumbot_hardware/share/mecanumbot_hardware/local_setup.dsv
[4.965s] -- Installing: /home/alpha/Desktop/mecanumbot/install/mecanumbot_hardware/share/mecanumbot_hardware/package.dsv
[4.966s] -- Up-to-date: /home/alpha/Desktop/mecanumbot/install/mecanumbot_hardware/share/ament_index/resource_index/packages/mecanumbot_hardware
[4.966s] -- Up-to-date: /home/alpha/Desktop/mecanumbot/install/mecanumbot_hardware/share/ament_index/resource_index/hardware_interface__pluginlib__plugin/mecanumbot_hardware
[4.966s] -- Up-to-date: /home/alpha/Desktop/mecanumbot/install/mecanumbot_hardware/share/ament_index/resource_index/controller_interface__pluginlib__plugin/mecanumbot_hardware
[4.966s] -- Up-to-date: /home/alpha/Desktop/mecanumbot/install/mecanumbot_hardware/share/mecanumbot_hardware/cmake/mecanumbot_hardwareConfig.cmake
[4.967s] -- Up-to-date: /home/alpha/Desktop/mecanumbot/install/mecanumbot_hardware/share/mecanumbot_hardware/cmake/mecanumbot_hardwareConfig-version.cmake
[4.967s] -- Up-to-date: /home/alpha/Desktop/mecanumbot/install/mecanumbot_hardware/share/mecanumbot_hardware/package.xml
[4.968s] Invoked command in '/home/alpha/Desktop/mecanumbot/build/mecanumbot_hardware' returned '0': CMAKE_PREFIX_PATH=${CMAKE_PREFIX_PATH}:/home/alpha/ws_moveit/install/moveit_configs_utils:/home/alpha/roarm_ws_em0/install/ros2web_widgets:/home/alpha/roarm_ws_em0/install/ros2web_example_py:/home/alpha/roarm_ws_em0/install/roarm_web_app:/home/alpha/roarm_ws_em0/install/ros2web_app:/home/alpha/roarm_ws_em0/install/ros2web:/home/alpha/roarm_ws_em0/install/roarm_driver:/home/alpha/roarm_ws_em0/install/launch_api:/opt/ros/humble /usr/bin/cmake --install /home/alpha/Desktop/mecanumbot/build/mecanumbot_hardware
