[0.032s] Invoking command in '/home/alpha/Desktop/mecanumbot/build/mecanumbot_hardware': CMAKE_PREFIX_PATH=${CMAKE_PREFIX_PATH}:/home/alpha/ws_moveit/install/moveit_configs_utils:/home/alpha/roarm_ws_em0/install/ros2web_widgets:/home/alpha/roarm_ws_em0/install/ros2web_example_py:/home/alpha/roarm_ws_em0/install/roarm_web_app:/home/alpha/roarm_ws_em0/install/ros2web_app:/home/alpha/roarm_ws_em0/install/ros2web:/home/alpha/roarm_ws_em0/install/roarm_driver:/home/alpha/roarm_ws_em0/install/launch_api:/opt/ros/humble /usr/bin/cmake --build /home/alpha/Desktop/mecanumbot/build/mecanumbot_hardware -- -j12 -l12
[0.188s] [ 25%] Built target can_interface_lib
[0.259s] [ 50%] Built target motor_controller_lib
[0.339s] [ 75%] Built target mecanumbot_hardware_lib
[0.437s] [100%] Built target mecanumbot_system
[0.475s] Invoked command in '/home/alpha/Desktop/mecanumbot/build/mecanumbot_hardware' returned '0': CMAKE_PREFIX_PATH=${CMAKE_PREFIX_PATH}:/home/alpha/ws_moveit/install/moveit_configs_utils:/home/alpha/roarm_ws_em0/install/ros2web_widgets:/home/alpha/roarm_ws_em0/install/ros2web_example_py:/home/alpha/roarm_ws_em0/install/roarm_web_app:/home/alpha/roarm_ws_em0/install/ros2web_app:/home/alpha/roarm_ws_em0/install/ros2web:/home/alpha/roarm_ws_em0/install/roarm_driver:/home/alpha/roarm_ws_em0/install/launch_api:/opt/ros/humble /usr/bin/cmake --build /home/alpha/Desktop/mecanumbot/build/mecanumbot_hardware -- -j12 -l12
[0.508s] Invoking command in '/home/alpha/Desktop/mecanumbot/build/mecanumbot_hardware': CMAKE_PREFIX_PATH=${CMAKE_PREFIX_PATH}:/home/alpha/ws_moveit/install/moveit_configs_utils:/home/alpha/roarm_ws_em0/install/ros2web_widgets:/home/alpha/roarm_ws_em0/install/ros2web_example_py:/home/alpha/roarm_ws_em0/install/roarm_web_app:/home/alpha/roarm_ws_em0/install/ros2web_app:/home/alpha/roarm_ws_em0/install/ros2web:/home/alpha/roarm_ws_em0/install/roarm_driver:/home/alpha/roarm_ws_em0/install/launch_api:/opt/ros/humble /usr/bin/cmake --install /home/alpha/Desktop/mecanumbot/build/mecanumbot_hardware
[0.536s] -- Install configuration: ""
[0.536s] -- Up-to-date: /home/alpha/Desktop/mecanumbot/install/mecanumbot_hardware/share/mecanumbot_hardware/mecanumbot_hardware.xml
[0.537s] -- Up-to-date: /home/alpha/Desktop/mecanumbot/install/mecanumbot_hardware/share/mecanumbot_hardware/mecanumbot_hardware.xml
[0.537s] -- Up-to-date: /home/alpha/Desktop/mecanumbot/install/mecanumbot_hardware/lib/libcan_interface_lib.so
[0.537s] -- Up-to-date: /home/alpha/Desktop/mecanumbot/install/mecanumbot_hardware/lib/libmotor_controller_lib.so
[0.537s] -- Up-to-date: /home/alpha/Desktop/mecanumbot/install/mecanumbot_hardware/lib/libmecanumbot_hardware_lib.so
[0.537s] -- Up-to-date: /home/alpha/Desktop/mecanumbot/install/mecanumbot_hardware/lib/mecanumbot_hardware/mecanumbot_system
[0.537s] -- Up-to-date: /home/alpha/Desktop/mecanumbot/install/mecanumbot_hardware/include/
[0.538s] -- Up-to-date: /home/alpha/Desktop/mecanumbot/install/mecanumbot_hardware/include//mecanumbot_hardware
[0.538s] -- Up-to-date: /home/alpha/Desktop/mecanumbot/install/mecanumbot_hardware/include//mecanumbot_hardware/can_interface.hpp
[0.538s] -- Up-to-date: /home/alpha/Desktop/mecanumbot/install/mecanumbot_hardware/include//mecanumbot_hardware/motor_controller.hpp
[0.538s] -- Up-to-date: /home/alpha/Desktop/mecanumbot/install/mecanumbot_hardware/include//mecanumbot_hardware/mecanumbot_hardware.hpp
[0.538s] -- Up-to-date: /home/alpha/Desktop/mecanumbot/install/mecanumbot_hardware/share/mecanumbot_hardware/launch
[0.538s] -- Installing: /home/alpha/Desktop/mecanumbot/install/mecanumbot_hardware/share/mecanumbot_hardware/launch/mecanumbot_control.launch.py
[0.539s] -- Up-to-date: /home/alpha/Desktop/mecanumbot/install/mecanumbot_hardware/share/mecanumbot_hardware/urdf
[0.539s] -- Up-to-date: /home/alpha/Desktop/mecanumbot/install/mecanumbot_hardware/share/mecanumbot_hardware/urdf/mecanumbot.urdf
[0.539s] -- Up-to-date: /home/alpha/Desktop/mecanumbot/install/mecanumbot_hardware/share/mecanumbot_hardware/config
[0.539s] -- Up-to-date: /home/alpha/Desktop/mecanumbot/install/mecanumbot_hardware/share/mecanumbot_hardware/config/mecanumbot_controllers.yaml
[0.539s] -- Up-to-date: /home/alpha/Desktop/mecanumbot/install/mecanumbot_hardware/share/mecanumbot_hardware/mecanumbot_hardware.xml
[0.539s] -- Up-to-date: /home/alpha/Desktop/mecanumbot/install/mecanumbot_hardware/share/ament_index/resource_index/package_run_dependencies/mecanumbot_hardware
[0.539s] -- Up-to-date: /home/alpha/Desktop/mecanumbot/install/mecanumbot_hardware/share/ament_index/resource_index/parent_prefix_path/mecanumbot_hardware
[0.540s] -- Up-to-date: /home/alpha/Desktop/mecanumbot/install/mecanumbot_hardware/share/mecanumbot_hardware/environment/ament_prefix_path.sh
[0.540s] -- Up-to-date: /home/alpha/Desktop/mecanumbot/install/mecanumbot_hardware/share/mecanumbot_hardware/environment/ament_prefix_path.dsv
[0.540s] -- Up-to-date: /home/alpha/Desktop/mecanumbot/install/mecanumbot_hardware/share/mecanumbot_hardware/environment/path.sh
[0.540s] -- Up-to-date: /home/alpha/Desktop/mecanumbot/install/mecanumbot_hardware/share/mecanumbot_hardware/environment/path.dsv
[0.540s] -- Up-to-date: /home/alpha/Desktop/mecanumbot/install/mecanumbot_hardware/share/mecanumbot_hardware/local_setup.bash
[0.540s] -- Up-to-date: /home/alpha/Desktop/mecanumbot/install/mecanumbot_hardware/share/mecanumbot_hardware/local_setup.sh
[0.540s] -- Up-to-date: /home/alpha/Desktop/mecanumbot/install/mecanumbot_hardware/share/mecanumbot_hardware/local_setup.zsh
[0.540s] -- Up-to-date: /home/alpha/Desktop/mecanumbot/install/mecanumbot_hardware/share/mecanumbot_hardware/local_setup.dsv
[0.540s] -- Installing: /home/alpha/Desktop/mecanumbot/install/mecanumbot_hardware/share/mecanumbot_hardware/package.dsv
[0.541s] -- Up-to-date: /home/alpha/Desktop/mecanumbot/install/mecanumbot_hardware/share/ament_index/resource_index/packages/mecanumbot_hardware
[0.541s] -- Up-to-date: /home/alpha/Desktop/mecanumbot/install/mecanumbot_hardware/share/ament_index/resource_index/hardware_interface__pluginlib__plugin/mecanumbot_hardware
[0.541s] -- Up-to-date: /home/alpha/Desktop/mecanumbot/install/mecanumbot_hardware/share/ament_index/resource_index/controller_interface__pluginlib__plugin/mecanumbot_hardware
[0.541s] -- Up-to-date: /home/alpha/Desktop/mecanumbot/install/mecanumbot_hardware/share/mecanumbot_hardware/cmake/mecanumbot_hardwareConfig.cmake
[0.541s] -- Up-to-date: /home/alpha/Desktop/mecanumbot/install/mecanumbot_hardware/share/mecanumbot_hardware/cmake/mecanumbot_hardwareConfig-version.cmake
[0.541s] -- Up-to-date: /home/alpha/Desktop/mecanumbot/install/mecanumbot_hardware/share/mecanumbot_hardware/package.xml
[0.545s] Invoked command in '/home/alpha/Desktop/mecanumbot/build/mecanumbot_hardware' returned '0': CMAKE_PREFIX_PATH=${CMAKE_PREFIX_PATH}:/home/alpha/ws_moveit/install/moveit_configs_utils:/home/alpha/roarm_ws_em0/install/ros2web_widgets:/home/alpha/roarm_ws_em0/install/ros2web_example_py:/home/alpha/roarm_ws_em0/install/roarm_web_app:/home/alpha/roarm_ws_em0/install/ros2web_app:/home/alpha/roarm_ws_em0/install/ros2web:/home/alpha/roarm_ws_em0/install/roarm_driver:/home/alpha/roarm_ws_em0/install/launch_api:/opt/ros/humble /usr/bin/cmake --install /home/alpha/Desktop/mecanumbot/build/mecanumbot_hardware
