-- The C compiler identification is GNU 11.4.0
-- The CXX compiler identification is GNU 11.4.0
-- Detecting C compiler ABI info
-- Detecting C compiler ABI info - done
-- Check for working C compiler: /usr/bin/cc - skipped
-- Detecting C compile features
-- Detecting C compile features - done
-- Detecting CXX compiler ABI info
-- Detecting CXX compiler ABI info - done
-- Check for working CXX compiler: /usr/bin/c++ - skipped
-- Detecting CXX compile features
-- Detecting CXX compile features - done
-- Found ament_cmake: 1.3.12 (/opt/ros/humble/share/ament_cmake/cmake)
-- Found Python3: /usr/bin/python3 (found version "3.10.12") found components: Interpreter 
-- Found rclcpp: 16.0.16 (/opt/ros/humble/share/rclcpp/cmake)
-- Found rosidl_generator_c: 3.1.7 (/opt/ros/humble/share/rosidl_generator_c/cmake)
-- Found rosidl_adapter: 3.1.7 (/opt/ros/humble/share/rosidl_adapter/cmake)
-- Found rosidl_generator_cpp: 3.1.7 (/opt/ros/humble/share/rosidl_generator_cpp/cmake)
-- Using all available rosidl_typesupport_c: rosidl_typesupport_fastrtps_c;rosidl_typesupport_introspection_c
-- Using all available rosidl_typesupport_cpp: rosidl_typesupport_fastrtps_cpp;rosidl_typesupport_introspection_cpp
-- Found rmw_implementation_cmake: 6.1.2 (/opt/ros/humble/share/rmw_implementation_cmake/cmake)
-- Found rmw_fastrtps_cpp: 6.2.9 (/opt/ros/humble/share/rmw_fastrtps_cpp/cmake)
-- Found OpenSSL: /usr/lib/aarch64-linux-gnu/libcrypto.so (found version "3.0.2")  
-- Found FastRTPS: /opt/ros/humble/include  
-- Using RMW implementation 'rmw_fastrtps_cpp' as default
-- Looking for pthread.h
-- Looking for pthread.h - found
-- Performing Test CMAKE_HAVE_LIBC_PTHREAD
-- Performing Test CMAKE_HAVE_LIBC_PTHREAD - Success
-- Found Threads: TRUE  
-- Found rclcpp_lifecycle: 16.0.16 (/opt/ros/humble/share/rclcpp_lifecycle/cmake)
-- Found hardware_interface: 2.52.2 (/opt/ros/humble/share/hardware_interface/cmake)
-- Found controller_interface: 2.52.2 (/opt/ros/humble/share/controller_interface/cmake)
-- Found controller_manager: 2.52.2 (/opt/ros/humble/share/controller_manager/cmake)
-- Found transmission_interface: 2.52.2 (/opt/ros/humble/share/transmission_interface/cmake)
-- Found joint_state_broadcaster: 2.50.2 (/opt/ros/humble/share/joint_state_broadcaster/cmake)
-- Found diff_drive_controller: 2.50.2 (/opt/ros/humble/share/diff_drive_controller/cmake)
-- Found ament_lint_auto: 0.12.14 (/opt/ros/humble/share/ament_lint_auto/cmake)
-- Added test 'copyright' to check source files copyright and LICENSE
-- Added test 'cppcheck' to perform static code analysis on C / C++ code
-- Configured cppcheck include dirs: /home/alpha/Desktop/mecanumbot/src/mecanumbot_hardware/include
-- Configured cppcheck exclude dirs and/or files: 
-- Added test 'cpplint' to check C / C++ code against the Google style
-- Configured cpplint exclude dirs and/or files: 
-- Added test 'flake8' to check Python code syntax and style conventions
-- Added test 'lint_cmake' to check CMake code style
-- Added test 'pep257' to check Python code against some of the docstring style conventions in PEP 257
-- Added test 'uncrustify' to check C / C++ code style
-- Configured uncrustify additional arguments: 
-- Added test 'xmllint' to check XML markup files
-- Configuring done
-- Generating done
-- Build files have been written to: /home/alpha/Desktop/mecanumbot/build/mecanumbot_hardware
[ 12%] [32mBuilding CXX object CMakeFiles/can_interface_lib.dir/src/can_interface.cpp.o[0m
[ 25%] [32m[1mLinking CXX shared library libcan_interface_lib.so[0m
[ 25%] Built target can_interface_lib
[ 37%] [32mBuilding CXX object CMakeFiles/motor_controller_lib.dir/src/motor_controller.cpp.o[0m
[ 50%] [32m[1mLinking CXX shared library libmotor_controller_lib.so[0m
[ 50%] Built target motor_controller_lib
[ 62%] [32mBuilding CXX object CMakeFiles/mecanumbot_hardware_lib.dir/src/mecanumbot_hardware.cpp.o[0m
[ 75%] [32m[1mLinking CXX shared library libmecanumbot_hardware_lib.so[0m
[ 75%] Built target mecanumbot_hardware_lib
[ 87%] [32mBuilding CXX object CMakeFiles/mecanumbot_system.dir/src/mecanumbot_system.cpp.o[0m
[100%] [32m[1mLinking CXX executable mecanumbot_system[0m
[100%] Built target mecanumbot_system
-- Install configuration: ""
-- Installing: /home/alpha/Desktop/mecanumbot/install/mecanumbot_hardware/share/mecanumbot_hardware/mecanumbot_hardware.xml
-- Up-to-date: /home/alpha/Desktop/mecanumbot/install/mecanumbot_hardware/share/mecanumbot_hardware/mecanumbot_hardware.xml
-- Installing: /home/alpha/Desktop/mecanumbot/install/mecanumbot_hardware/lib/libcan_interface_lib.so
-- Installing: /home/alpha/Desktop/mecanumbot/install/mecanumbot_hardware/lib/libmotor_controller_lib.so
-- Set runtime path of "/home/alpha/Desktop/mecanumbot/install/mecanumbot_hardware/lib/libmotor_controller_lib.so" to ""
-- Installing: /home/alpha/Desktop/mecanumbot/install/mecanumbot_hardware/lib/libmecanumbot_hardware_lib.so
-- Set runtime path of "/home/alpha/Desktop/mecanumbot/install/mecanumbot_hardware/lib/libmecanumbot_hardware_lib.so" to ""
-- Installing: /home/alpha/Desktop/mecanumbot/install/mecanumbot_hardware/lib/mecanumbot_hardware/mecanumbot_system
-- Set runtime path of "/home/alpha/Desktop/mecanumbot/install/mecanumbot_hardware/lib/mecanumbot_hardware/mecanumbot_system" to ""
-- Installing: /home/alpha/Desktop/mecanumbot/install/mecanumbot_hardware/include/
-- Installing: /home/alpha/Desktop/mecanumbot/install/mecanumbot_hardware/include//mecanumbot_hardware
-- Installing: /home/alpha/Desktop/mecanumbot/install/mecanumbot_hardware/include//mecanumbot_hardware/can_interface.hpp
-- Installing: /home/alpha/Desktop/mecanumbot/install/mecanumbot_hardware/include//mecanumbot_hardware/motor_controller.hpp
-- Installing: /home/alpha/Desktop/mecanumbot/install/mecanumbot_hardware/include//mecanumbot_hardware/mecanumbot_hardware.hpp
-- Installing: /home/alpha/Desktop/mecanumbot/install/mecanumbot_hardware/share/mecanumbot_hardware/launch
-- Installing: /home/alpha/Desktop/mecanumbot/install/mecanumbot_hardware/share/mecanumbot_hardware/launch/mecanumbot_control.launch.py
-- Installing: /home/alpha/Desktop/mecanumbot/install/mecanumbot_hardware/share/mecanumbot_hardware/urdf
-- Installing: /home/alpha/Desktop/mecanumbot/install/mecanumbot_hardware/share/mecanumbot_hardware/urdf/mecanumbot.urdf
-- Installing: /home/alpha/Desktop/mecanumbot/install/mecanumbot_hardware/share/mecanumbot_hardware/config
-- Installing: /home/alpha/Desktop/mecanumbot/install/mecanumbot_hardware/share/mecanumbot_hardware/config/mecanumbot_controllers.yaml
-- Up-to-date: /home/alpha/Desktop/mecanumbot/install/mecanumbot_hardware/share/mecanumbot_hardware/mecanumbot_hardware.xml
-- Installing: /home/alpha/Desktop/mecanumbot/install/mecanumbot_hardware/share/ament_index/resource_index/package_run_dependencies/mecanumbot_hardware
-- Installing: /home/alpha/Desktop/mecanumbot/install/mecanumbot_hardware/share/ament_index/resource_index/parent_prefix_path/mecanumbot_hardware
-- Installing: /home/alpha/Desktop/mecanumbot/install/mecanumbot_hardware/share/mecanumbot_hardware/environment/ament_prefix_path.sh
-- Installing: /home/alpha/Desktop/mecanumbot/install/mecanumbot_hardware/share/mecanumbot_hardware/environment/ament_prefix_path.dsv
-- Installing: /home/alpha/Desktop/mecanumbot/install/mecanumbot_hardware/share/mecanumbot_hardware/environment/path.sh
-- Installing: /home/alpha/Desktop/mecanumbot/install/mecanumbot_hardware/share/mecanumbot_hardware/environment/path.dsv
-- Installing: /home/alpha/Desktop/mecanumbot/install/mecanumbot_hardware/share/mecanumbot_hardware/local_setup.bash
-- Installing: /home/alpha/Desktop/mecanumbot/install/mecanumbot_hardware/share/mecanumbot_hardware/local_setup.sh
-- Installing: /home/alpha/Desktop/mecanumbot/install/mecanumbot_hardware/share/mecanumbot_hardware/local_setup.zsh
-- Installing: /home/alpha/Desktop/mecanumbot/install/mecanumbot_hardware/share/mecanumbot_hardware/local_setup.dsv
-- Installing: /home/alpha/Desktop/mecanumbot/install/mecanumbot_hardware/share/mecanumbot_hardware/package.dsv
-- Installing: /home/alpha/Desktop/mecanumbot/install/mecanumbot_hardware/share/ament_index/resource_index/packages/mecanumbot_hardware
-- Installing: /home/alpha/Desktop/mecanumbot/install/mecanumbot_hardware/share/ament_index/resource_index/hardware_interface__pluginlib__plugin/mecanumbot_hardware
-- Installing: /home/alpha/Desktop/mecanumbot/install/mecanumbot_hardware/share/ament_index/resource_index/controller_interface__pluginlib__plugin/mecanumbot_hardware
-- Installing: /home/alpha/Desktop/mecanumbot/install/mecanumbot_hardware/share/mecanumbot_hardware/cmake/mecanumbot_hardwareConfig.cmake
-- Installing: /home/alpha/Desktop/mecanumbot/install/mecanumbot_hardware/share/mecanumbot_hardware/cmake/mecanumbot_hardwareConfig-version.cmake
-- Installing: /home/alpha/Desktop/mecanumbot/install/mecanumbot_hardware/share/mecanumbot_hardware/package.xml
