[0.032s] Invoking command in '/home/alpha/Desktop/mecanumbot/build/mecanumbot_hardware': CMAKE_PREFIX_PATH=${CMAKE_PREFIX_PATH}:/home/alpha/ws_moveit/install/moveit_configs_utils:/home/alpha/roarm_ws_em0/install/ros2web_widgets:/home/alpha/roarm_ws_em0/install/ros2web_example_py:/home/alpha/roarm_ws_em0/install/roarm_web_app:/home/alpha/roarm_ws_em0/install/ros2web_app:/home/alpha/roarm_ws_em0/install/ros2web:/home/alpha/roarm_ws_em0/install/roarm_driver:/home/alpha/roarm_ws_em0/install/launch_api:/opt/ros/humble:/home/alpha/Desktop/mecanumbot/install /usr/bin/cmake /home/alpha/Desktop/mecanumbot/src/mecanumbot_hardware -DCMAKE_INSTALL_PREFIX=/home/alpha/Desktop/mecanumbot/install/mecanumbot_hardware
[0.178s] -- The C compiler identification is GNU 11.4.0
[0.296s] -- The CXX compiler identification is GNU 11.4.0
[0.317s] -- Detecting C compiler ABI info
[0.514s] -- Detecting C compiler ABI info - done
[0.538s] -- Check for working C compiler: /usr/bin/cc - skipped
[0.539s] -- Detecting C compile features
[0.540s] -- Detecting C compile features - done
[0.551s] -- Detecting CXX compiler ABI info
[0.764s] -- Detecting CXX compiler ABI info - done
[0.789s] -- Check for working CXX compiler: /usr/bin/c++ - skipped
[0.790s] -- Detecting CXX compile features
[0.792s] -- Detecting CXX compile features - done
[0.826s] -- Found ament_cmake: 1.3.12 (/opt/ros/humble/share/ament_cmake/cmake)
[1.212s] -- Found Python3: /usr/bin/python3 (found version "3.10.12") found components: Interpreter 
[1.583s] -- Found rclcpp: 16.0.16 (/opt/ros/humble/share/rclcpp/cmake)
[1.769s] -- Found rosidl_generator_c: 3.1.7 (/opt/ros/humble/share/rosidl_generator_c/cmake)
[1.797s] -- Found rosidl_adapter: 3.1.7 (/opt/ros/humble/share/rosidl_adapter/cmake)
[1.833s] -- Found rosidl_generator_cpp: 3.1.7 (/opt/ros/humble/share/rosidl_generator_cpp/cmake)
[1.878s] -- Using all available rosidl_typesupport_c: rosidl_typesupport_fastrtps_c;rosidl_typesupport_introspection_c
[1.937s] -- Using all available rosidl_typesupport_cpp: rosidl_typesupport_fastrtps_cpp;rosidl_typesupport_introspection_cpp
[2.111s] -- Found rmw_implementation_cmake: 6.1.2 (/opt/ros/humble/share/rmw_implementation_cmake/cmake)
[2.131s] -- Found rmw_fastrtps_cpp: 6.2.9 (/opt/ros/humble/share/rmw_fastrtps_cpp/cmake)
[2.453s] -- Found OpenSSL: /usr/lib/aarch64-linux-gnu/libcrypto.so (found version "3.0.2")  
[2.539s] -- Found FastRTPS: /opt/ros/humble/include  
[2.648s] -- Using RMW implementation 'rmw_fastrtps_cpp' as default
[2.695s] -- Looking for pthread.h
[2.891s] -- Looking for pthread.h - found
[2.892s] -- Performing Test CMAKE_HAVE_LIBC_PTHREAD
[3.085s] -- Performing Test CMAKE_HAVE_LIBC_PTHREAD - Success
[3.086s] -- Found Threads: TRUE  
[3.221s] -- Found rclcpp_lifecycle: 16.0.16 (/opt/ros/humble/share/rclcpp_lifecycle/cmake)
[3.284s] -- Found hardware_interface: 2.52.2 (/opt/ros/humble/share/hardware_interface/cmake)
[3.596s] -- Found controller_interface: 2.52.2 (/opt/ros/humble/share/controller_interface/cmake)
[3.611s] -- Found controller_manager: 2.52.2 (/opt/ros/humble/share/controller_manager/cmake)
[3.715s] -- Found transmission_interface: 2.52.2 (/opt/ros/humble/share/transmission_interface/cmake)
[3.729s] -- Found joint_state_broadcaster: 2.50.2 (/opt/ros/humble/share/joint_state_broadcaster/cmake)
[3.849s] -- Found diff_drive_controller: 2.50.2 (/opt/ros/humble/share/diff_drive_controller/cmake)
[4.031s] -- Found ament_lint_auto: 0.12.14 (/opt/ros/humble/share/ament_lint_auto/cmake)
[4.280s] -- Added test 'copyright' to check source files copyright and LICENSE
[4.285s] -- Added test 'cppcheck' to perform static code analysis on C / C++ code
[4.286s] -- Configured cppcheck include dirs: /home/alpha/Desktop/mecanumbot/src/mecanumbot_hardware/include
[4.286s] -- Configured cppcheck exclude dirs and/or files: 
[4.290s] -- Added test 'cpplint' to check C / C++ code against the Google style
[4.290s] -- Configured cpplint exclude dirs and/or files: 
[4.293s] -- Added test 'flake8' to check Python code syntax and style conventions
[4.295s] -- Added test 'lint_cmake' to check CMake code style
[4.298s] -- Added test 'pep257' to check Python code against some of the docstring style conventions in PEP 257
[4.302s] -- Added test 'uncrustify' to check C / C++ code style
[4.302s] -- Configured uncrustify additional arguments: 
[4.305s] -- Added test 'xmllint' to check XML markup files
[4.311s] -- Configuring done
[4.491s] -- Generating done
[4.516s] -- Build files have been written to: /home/alpha/Desktop/mecanumbot/build/mecanumbot_hardware
[4.548s] Invoked command in '/home/alpha/Desktop/mecanumbot/build/mecanumbot_hardware' returned '0': CMAKE_PREFIX_PATH=${CMAKE_PREFIX_PATH}:/home/alpha/ws_moveit/install/moveit_configs_utils:/home/alpha/roarm_ws_em0/install/ros2web_widgets:/home/alpha/roarm_ws_em0/install/ros2web_example_py:/home/alpha/roarm_ws_em0/install/roarm_web_app:/home/alpha/roarm_ws_em0/install/ros2web_app:/home/alpha/roarm_ws_em0/install/ros2web:/home/alpha/roarm_ws_em0/install/roarm_driver:/home/alpha/roarm_ws_em0/install/launch_api:/opt/ros/humble:/home/alpha/Desktop/mecanumbot/install /usr/bin/cmake /home/alpha/Desktop/mecanumbot/src/mecanumbot_hardware -DCMAKE_INSTALL_PREFIX=/home/alpha/Desktop/mecanumbot/install/mecanumbot_hardware
[4.554s] Invoking command in '/home/alpha/Desktop/mecanumbot/build/mecanumbot_hardware': CMAKE_PREFIX_PATH=${CMAKE_PREFIX_PATH}:/home/alpha/ws_moveit/install/moveit_configs_utils:/home/alpha/roarm_ws_em0/install/ros2web_widgets:/home/alpha/roarm_ws_em0/install/ros2web_example_py:/home/alpha/roarm_ws_em0/install/roarm_web_app:/home/alpha/roarm_ws_em0/install/ros2web_app:/home/alpha/roarm_ws_em0/install/ros2web:/home/alpha/roarm_ws_em0/install/roarm_driver:/home/alpha/roarm_ws_em0/install/launch_api:/opt/ros/humble:/home/alpha/Desktop/mecanumbot/install /usr/bin/cmake --build /home/alpha/Desktop/mecanumbot/build/mecanumbot_hardware -- -j12 -l12
[4.729s] [ 12%] [32mBuilding CXX object CMakeFiles/can_interface_lib.dir/src/can_interface.cpp.o[0m
[5.083s] [ 25%] [32m[1mLinking CXX shared library libcan_interface_lib.so[0m
[5.237s] [ 25%] Built target can_interface_lib
[5.308s] [ 37%] [32mBuilding CXX object CMakeFiles/motor_controller_lib.dir/src/motor_controller.cpp.o[0m
[6.179s] [ 50%] [32m[1mLinking CXX shared library libmotor_controller_lib.so[0m
[6.360s] [ 50%] Built target motor_controller_lib
[6.440s] [ 62%] [32mBuilding CXX object CMakeFiles/mecanumbot_hardware_lib.dir/src/mecanumbot_hardware.cpp.o[0m
[9.026s] [ 75%] [32m[1mLinking CXX shared library libmecanumbot_hardware_lib.so[0m
[9.670s] [ 75%] Built target mecanumbot_hardware_lib
[9.752s] [ 87%] [32mBuilding CXX object CMakeFiles/mecanumbot_system.dir/src/mecanumbot_system.cpp.o[0m
[19.153s] [100%] [32m[1mLinking CXX executable mecanumbot_system[0m
[20.123s] [100%] Built target mecanumbot_system
[20.156s] Invoked command in '/home/alpha/Desktop/mecanumbot/build/mecanumbot_hardware' returned '0': CMAKE_PREFIX_PATH=${CMAKE_PREFIX_PATH}:/home/alpha/ws_moveit/install/moveit_configs_utils:/home/alpha/roarm_ws_em0/install/ros2web_widgets:/home/alpha/roarm_ws_em0/install/ros2web_example_py:/home/alpha/roarm_ws_em0/install/roarm_web_app:/home/alpha/roarm_ws_em0/install/ros2web_app:/home/alpha/roarm_ws_em0/install/ros2web:/home/alpha/roarm_ws_em0/install/roarm_driver:/home/alpha/roarm_ws_em0/install/launch_api:/opt/ros/humble:/home/alpha/Desktop/mecanumbot/install /usr/bin/cmake --build /home/alpha/Desktop/mecanumbot/build/mecanumbot_hardware -- -j12 -l12
[20.187s] Invoking command in '/home/alpha/Desktop/mecanumbot/build/mecanumbot_hardware': CMAKE_PREFIX_PATH=${CMAKE_PREFIX_PATH}:/home/alpha/ws_moveit/install/moveit_configs_utils:/home/alpha/roarm_ws_em0/install/ros2web_widgets:/home/alpha/roarm_ws_em0/install/ros2web_example_py:/home/alpha/roarm_ws_em0/install/roarm_web_app:/home/alpha/roarm_ws_em0/install/ros2web_app:/home/alpha/roarm_ws_em0/install/ros2web:/home/alpha/roarm_ws_em0/install/roarm_driver:/home/alpha/roarm_ws_em0/install/launch_api:/opt/ros/humble:/home/alpha/Desktop/mecanumbot/install /usr/bin/cmake --install /home/alpha/Desktop/mecanumbot/build/mecanumbot_hardware
[20.212s] -- Install configuration: ""
[20.212s] -- Installing: /home/alpha/Desktop/mecanumbot/install/mecanumbot_hardware/share/mecanumbot_hardware/mecanumbot_hardware.xml
[20.212s] -- Up-to-date: /home/alpha/Desktop/mecanumbot/install/mecanumbot_hardware/share/mecanumbot_hardware/mecanumbot_hardware.xml
[20.212s] -- Installing: /home/alpha/Desktop/mecanumbot/install/mecanumbot_hardware/lib/libcan_interface_lib.so
[20.212s] -- Installing: /home/alpha/Desktop/mecanumbot/install/mecanumbot_hardware/lib/libmotor_controller_lib.so
[20.213s] -- Set runtime path of "/home/alpha/Desktop/mecanumbot/install/mecanumbot_hardware/lib/libmotor_controller_lib.so" to ""
[20.213s] -- Installing: /home/alpha/Desktop/mecanumbot/install/mecanumbot_hardware/lib/libmecanumbot_hardware_lib.so
[20.215s] -- Set runtime path of "/home/alpha/Desktop/mecanumbot/install/mecanumbot_hardware/lib/libmecanumbot_hardware_lib.so" to ""
[20.215s] -- Installing: /home/alpha/Desktop/mecanumbot/install/mecanumbot_hardware/lib/mecanumbot_hardware/mecanumbot_system
[20.218s] -- Set runtime path of "/home/alpha/Desktop/mecanumbot/install/mecanumbot_hardware/lib/mecanumbot_hardware/mecanumbot_system" to ""
[20.218s] -- Installing: /home/alpha/Desktop/mecanumbot/install/mecanumbot_hardware/include/
[20.218s] -- Installing: /home/alpha/Desktop/mecanumbot/install/mecanumbot_hardware/include//mecanumbot_hardware
[20.218s] -- Installing: /home/alpha/Desktop/mecanumbot/install/mecanumbot_hardware/include//mecanumbot_hardware/can_interface.hpp
[20.218s] -- Installing: /home/alpha/Desktop/mecanumbot/install/mecanumbot_hardware/include//mecanumbot_hardware/motor_controller.hpp
[20.218s] -- Installing: /home/alpha/Desktop/mecanumbot/install/mecanumbot_hardware/include//mecanumbot_hardware/mecanumbot_hardware.hpp
[20.218s] -- Installing: /home/alpha/Desktop/mecanumbot/install/mecanumbot_hardware/share/mecanumbot_hardware/launch
[20.218s] -- Installing: /home/alpha/Desktop/mecanumbot/install/mecanumbot_hardware/share/mecanumbot_hardware/launch/mecanumbot_control.launch.py
[20.219s] -- Installing: /home/alpha/Desktop/mecanumbot/install/mecanumbot_hardware/share/mecanumbot_hardware/urdf
[20.219s] -- Installing: /home/alpha/Desktop/mecanumbot/install/mecanumbot_hardware/share/mecanumbot_hardware/urdf/mecanumbot.urdf
[20.219s] -- Installing: /home/alpha/Desktop/mecanumbot/install/mecanumbot_hardware/share/mecanumbot_hardware/config
[20.219s] -- Installing: /home/alpha/Desktop/mecanumbot/install/mecanumbot_hardware/share/mecanumbot_hardware/config/mecanumbot_controllers.yaml
[20.219s] -- Up-to-date: /home/alpha/Desktop/mecanumbot/install/mecanumbot_hardware/share/mecanumbot_hardware/mecanumbot_hardware.xml
[20.219s] -- Installing: /home/alpha/Desktop/mecanumbot/install/mecanumbot_hardware/share/ament_index/resource_index/package_run_dependencies/mecanumbot_hardware
[20.219s] -- Installing: /home/alpha/Desktop/mecanumbot/install/mecanumbot_hardware/share/ament_index/resource_index/parent_prefix_path/mecanumbot_hardware
[20.220s] -- Installing: /home/alpha/Desktop/mecanumbot/install/mecanumbot_hardware/share/mecanumbot_hardware/environment/ament_prefix_path.sh
[20.220s] -- Installing: /home/alpha/Desktop/mecanumbot/install/mecanumbot_hardware/share/mecanumbot_hardware/environment/ament_prefix_path.dsv
[20.220s] -- Installing: /home/alpha/Desktop/mecanumbot/install/mecanumbot_hardware/share/mecanumbot_hardware/environment/path.sh
[20.220s] -- Installing: /home/alpha/Desktop/mecanumbot/install/mecanumbot_hardware/share/mecanumbot_hardware/environment/path.dsv
[20.221s] -- Installing: /home/alpha/Desktop/mecanumbot/install/mecanumbot_hardware/share/mecanumbot_hardware/local_setup.bash
[20.221s] -- Installing: /home/alpha/Desktop/mecanumbot/install/mecanumbot_hardware/share/mecanumbot_hardware/local_setup.sh
[20.221s] -- Installing: /home/alpha/Desktop/mecanumbot/install/mecanumbot_hardware/share/mecanumbot_hardware/local_setup.zsh
[20.221s] -- Installing: /home/alpha/Desktop/mecanumbot/install/mecanumbot_hardware/share/mecanumbot_hardware/local_setup.dsv
[20.221s] -- Installing: /home/alpha/Desktop/mecanumbot/install/mecanumbot_hardware/share/mecanumbot_hardware/package.dsv
[20.222s] -- Installing: /home/alpha/Desktop/mecanumbot/install/mecanumbot_hardware/share/ament_index/resource_index/packages/mecanumbot_hardware
[20.222s] -- Installing: /home/alpha/Desktop/mecanumbot/install/mecanumbot_hardware/share/ament_index/resource_index/hardware_interface__pluginlib__plugin/mecanumbot_hardware
[20.222s] -- Installing: /home/alpha/Desktop/mecanumbot/install/mecanumbot_hardware/share/ament_index/resource_index/controller_interface__pluginlib__plugin/mecanumbot_hardware
[20.222s] -- Installing: /home/alpha/Desktop/mecanumbot/install/mecanumbot_hardware/share/mecanumbot_hardware/cmake/mecanumbot_hardwareConfig.cmake
[20.223s] -- Installing: /home/alpha/Desktop/mecanumbot/install/mecanumbot_hardware/share/mecanumbot_hardware/cmake/mecanumbot_hardwareConfig-version.cmake
[20.223s] -- Installing: /home/alpha/Desktop/mecanumbot/install/mecanumbot_hardware/share/mecanumbot_hardware/package.xml
[20.228s] Invoked command in '/home/alpha/Desktop/mecanumbot/build/mecanumbot_hardware' returned '0': CMAKE_PREFIX_PATH=${CMAKE_PREFIX_PATH}:/home/alpha/ws_moveit/install/moveit_configs_utils:/home/alpha/roarm_ws_em0/install/ros2web_widgets:/home/alpha/roarm_ws_em0/install/ros2web_example_py:/home/alpha/roarm_ws_em0/install/roarm_web_app:/home/alpha/roarm_ws_em0/install/ros2web_app:/home/alpha/roarm_ws_em0/install/ros2web:/home/alpha/roarm_ws_em0/install/roarm_driver:/home/alpha/roarm_ws_em0/install/launch_api:/opt/ros/humble:/home/alpha/Desktop/mecanumbot/install /usr/bin/cmake --install /home/alpha/Desktop/mecanumbot/build/mecanumbot_hardware
