[0.202s] DEBUG:colcon:Command line arguments: ['/usr/bin/colcon', 'build']
[0.203s] DEBUG:colcon:Parsed command line arguments: Namespace(log_base=None, log_level=None, verb_name='build', build_base='build', install_base='install', merge_install=False, symlink_install=False, test_result_base=None, continue_on_error=False, executor='parallel', parallel_workers=12, event_handlers=None, ignore_user_meta=False, metas=['./colcon.meta'], base_paths=['.'], packages_ignore=None, packages_ignore_regex=None, paths=None, packages_up_to=None, packages_up_to_regex=None, packages_above=None, packages_above_and_dependencies=None, packages_above_depth=None, packages_select_by_dep=None, packages_skip_by_dep=None, packages_skip_up_to=None, packages_select_build_failed=False, packages_skip_build_finished=False, packages_select_test_failures=False, packages_skip_test_passed=False, packages_select=None, packages_skip=None, packages_select_regex=None, packages_skip_regex=None, packages_start=None, packages_end=None, allow_overriding=[], cmake_args=None, cmake_target=None, cmake_target_skip_unavailable=False, cmake_clean_cache=False, cmake_clean_first=False, cmake_force_configure=False, ament_cmake_args=None, catkin_cmake_args=None, catkin_skip_building_tests=False, verb_parser=<colcon_defaults.argument_parser.defaults.DefaultArgumentsDecorator object at 0xffffa0c0b070>, verb_extension=<colcon_core.verb.build.BuildVerb object at 0xffffa0c0aa70>, main=<bound method BuildVerb.main of <colcon_core.verb.build.BuildVerb object at 0xffffa0c0aa70>>)
[0.574s] Level 1:colcon.colcon_core.package_discovery:discover_packages(colcon_meta) check parameters
[0.574s] Level 1:colcon.colcon_core.package_discovery:discover_packages(recursive) check parameters
[0.574s] Level 1:colcon.colcon_core.package_discovery:discover_packages(ignore) check parameters
[0.575s] Level 1:colcon.colcon_core.package_discovery:discover_packages(path) check parameters
[0.575s] Level 1:colcon.colcon_core.package_discovery:discover_packages(colcon_meta) discover
[0.575s] Level 1:colcon.colcon_core.package_discovery:discover_packages(recursive) discover
[0.575s] INFO:colcon.colcon_core.package_discovery:Crawling recursively for packages in '/home/alpha/Desktop/mecanumbot'
[0.575s] Level 1:colcon.colcon_core.package_identification:_identify(.) by extensions ['ignore', 'ignore_ament_install']
[0.575s] Level 1:colcon.colcon_core.package_identification:_identify(.) by extension 'ignore'
[0.576s] Level 1:colcon.colcon_core.package_identification:_identify(.) by extension 'ignore_ament_install'
[0.576s] Level 1:colcon.colcon_core.package_identification:_identify(.) by extensions ['colcon_pkg']
[0.576s] Level 1:colcon.colcon_core.package_identification:_identify(.) by extension 'colcon_pkg'
[0.576s] Level 1:colcon.colcon_core.package_identification:_identify(.) by extensions ['colcon_meta']
[0.576s] Level 1:colcon.colcon_core.package_identification:_identify(.) by extension 'colcon_meta'
[0.576s] Level 1:colcon.colcon_core.package_identification:_identify(.) by extensions ['ros']
[0.576s] Level 1:colcon.colcon_core.package_identification:_identify(.) by extension 'ros'
[0.632s] Level 1:colcon.colcon_core.package_identification:_identify(.) by extensions ['cmake', 'python']
[0.632s] Level 1:colcon.colcon_core.package_identification:_identify(.) by extension 'cmake'
[0.632s] Level 1:colcon.colcon_core.package_identification:_identify(.) by extension 'python'
[0.632s] Level 1:colcon.colcon_core.package_identification:_identify(.) by extensions ['python_setup_py']
[0.632s] Level 1:colcon.colcon_core.package_identification:_identify(.) by extension 'python_setup_py'
[0.633s] Level 1:colcon.colcon_core.package_identification:_identify(build) by extensions ['ignore', 'ignore_ament_install']
[0.633s] Level 1:colcon.colcon_core.package_identification:_identify(build) by extension 'ignore'
[0.633s] Level 1:colcon.colcon_core.package_identification:_identify(build) ignored
[0.633s] Level 1:colcon.colcon_core.package_identification:_identify(install) by extensions ['ignore', 'ignore_ament_install']
[0.633s] Level 1:colcon.colcon_core.package_identification:_identify(install) by extension 'ignore'
[0.633s] Level 1:colcon.colcon_core.package_identification:_identify(install) ignored
[0.634s] Level 1:colcon.colcon_core.package_identification:_identify(log) by extensions ['ignore', 'ignore_ament_install']
[0.634s] Level 1:colcon.colcon_core.package_identification:_identify(log) by extension 'ignore'
[0.634s] Level 1:colcon.colcon_core.package_identification:_identify(log) ignored
[0.634s] Level 1:colcon.colcon_core.package_identification:_identify(src) by extensions ['ignore', 'ignore_ament_install']
[0.634s] Level 1:colcon.colcon_core.package_identification:_identify(src) by extension 'ignore'
[0.634s] Level 1:colcon.colcon_core.package_identification:_identify(src) by extension 'ignore_ament_install'
[0.634s] Level 1:colcon.colcon_core.package_identification:_identify(src) by extensions ['colcon_pkg']
[0.634s] Level 1:colcon.colcon_core.package_identification:_identify(src) by extension 'colcon_pkg'
[0.635s] Level 1:colcon.colcon_core.package_identification:_identify(src) by extensions ['colcon_meta']
[0.635s] Level 1:colcon.colcon_core.package_identification:_identify(src) by extension 'colcon_meta'
[0.635s] Level 1:colcon.colcon_core.package_identification:_identify(src) by extensions ['ros']
[0.635s] Level 1:colcon.colcon_core.package_identification:_identify(src) by extension 'ros'
[0.635s] Level 1:colcon.colcon_core.package_identification:_identify(src) by extensions ['cmake', 'python']
[0.635s] Level 1:colcon.colcon_core.package_identification:_identify(src) by extension 'cmake'
[0.635s] Level 1:colcon.colcon_core.package_identification:_identify(src) by extension 'python'
[0.635s] Level 1:colcon.colcon_core.package_identification:_identify(src) by extensions ['python_setup_py']
[0.635s] Level 1:colcon.colcon_core.package_identification:_identify(src) by extension 'python_setup_py'
[0.635s] Level 1:colcon.colcon_core.package_identification:_identify(src/mecanumbot_hardware) by extensions ['ignore', 'ignore_ament_install']
[0.636s] Level 1:colcon.colcon_core.package_identification:_identify(src/mecanumbot_hardware) by extension 'ignore'
[0.636s] Level 1:colcon.colcon_core.package_identification:_identify(src/mecanumbot_hardware) by extension 'ignore_ament_install'
[0.636s] Level 1:colcon.colcon_core.package_identification:_identify(src/mecanumbot_hardware) by extensions ['colcon_pkg']
[0.636s] Level 1:colcon.colcon_core.package_identification:_identify(src/mecanumbot_hardware) by extension 'colcon_pkg'
[0.636s] Level 1:colcon.colcon_core.package_identification:_identify(src/mecanumbot_hardware) by extensions ['colcon_meta']
[0.636s] Level 1:colcon.colcon_core.package_identification:_identify(src/mecanumbot_hardware) by extension 'colcon_meta'
[0.636s] Level 1:colcon.colcon_core.package_identification:_identify(src/mecanumbot_hardware) by extensions ['ros']
[0.636s] Level 1:colcon.colcon_core.package_identification:_identify(src/mecanumbot_hardware) by extension 'ros'
[0.643s] DEBUG:colcon.colcon_core.package_identification:Package 'src/mecanumbot_hardware' with type 'ros.ament_cmake' and name 'mecanumbot_hardware'
[0.643s] Level 1:colcon.colcon_core.package_discovery:discover_packages(recursive) using defaults
[0.643s] Level 1:colcon.colcon_core.package_discovery:discover_packages(ignore) discover
[0.643s] Level 1:colcon.colcon_core.package_discovery:discover_packages(ignore) using defaults
[0.643s] Level 1:colcon.colcon_core.package_discovery:discover_packages(path) discover
[0.644s] Level 1:colcon.colcon_core.package_discovery:discover_packages(path) using defaults
[0.687s] Level 1:colcon.colcon_core.package_discovery:discover_packages(prefix_path) check parameters
[0.687s] Level 1:colcon.colcon_core.package_discovery:discover_packages(prefix_path) discover
[0.695s] DEBUG:colcon.colcon_installed_package_information.package_discovery:Found 5 installed packages in /home/alpha/gazebo_ros_ws/install
[0.699s] DEBUG:colcon.colcon_installed_package_information.package_discovery:Found 70 installed packages in /home/alpha/ws_moveit/install
[0.701s] DEBUG:colcon.colcon_installed_package_information.package_discovery:Found 13 installed packages in /home/alpha/roarm_ws_em0/install
[0.703s] DEBUG:colcon.colcon_installed_package_information.package_discovery:Found 395 installed packages in /opt/ros/humble
[0.708s] Level 1:colcon.colcon_core.package_discovery:discover_packages(prefix_path) using defaults
[0.789s] Level 5:colcon.colcon_core.verb:set package 'mecanumbot_hardware' build argument 'cmake_args' from command line to 'None'
[0.790s] Level 5:colcon.colcon_core.verb:set package 'mecanumbot_hardware' build argument 'cmake_target' from command line to 'None'
[0.790s] Level 5:colcon.colcon_core.verb:set package 'mecanumbot_hardware' build argument 'cmake_target_skip_unavailable' from command line to 'False'
[0.790s] Level 5:colcon.colcon_core.verb:set package 'mecanumbot_hardware' build argument 'cmake_clean_cache' from command line to 'False'
[0.790s] Level 5:colcon.colcon_core.verb:set package 'mecanumbot_hardware' build argument 'cmake_clean_first' from command line to 'False'
[0.790s] Level 5:colcon.colcon_core.verb:set package 'mecanumbot_hardware' build argument 'cmake_force_configure' from command line to 'False'
[0.790s] Level 5:colcon.colcon_core.verb:set package 'mecanumbot_hardware' build argument 'ament_cmake_args' from command line to 'None'
[0.790s] Level 5:colcon.colcon_core.verb:set package 'mecanumbot_hardware' build argument 'catkin_cmake_args' from command line to 'None'
[0.790s] Level 5:colcon.colcon_core.verb:set package 'mecanumbot_hardware' build argument 'catkin_skip_building_tests' from command line to 'False'
[0.790s] DEBUG:colcon.colcon_core.verb:Building package 'mecanumbot_hardware' with the following arguments: {'ament_cmake_args': None, 'build_base': '/home/alpha/Desktop/mecanumbot/build/mecanumbot_hardware', 'catkin_cmake_args': None, 'catkin_skip_building_tests': False, 'cmake_args': None, 'cmake_clean_cache': False, 'cmake_clean_first': False, 'cmake_force_configure': False, 'cmake_target': None, 'cmake_target_skip_unavailable': False, 'install_base': '/home/alpha/Desktop/mecanumbot/install/mecanumbot_hardware', 'merge_install': False, 'path': '/home/alpha/Desktop/mecanumbot/src/mecanumbot_hardware', 'symlink_install': False, 'test_result_base': None}
[0.790s] INFO:colcon.colcon_core.executor:Executing jobs using 'parallel' executor
[0.792s] DEBUG:colcon.colcon_parallel_executor.executor.parallel:run_until_complete
[0.792s] INFO:colcon.colcon_ros.task.ament_cmake.build:Building ROS package in '/home/alpha/Desktop/mecanumbot/src/mecanumbot_hardware' with build type 'ament_cmake'
[0.793s] INFO:colcon.colcon_cmake.task.cmake.build:Building CMake package in '/home/alpha/Desktop/mecanumbot/src/mecanumbot_hardware'
[0.797s] INFO:colcon.colcon_core.plugin_system:Skipping extension 'colcon_core.shell.bat': Not used on non-Windows systems
[0.797s] INFO:colcon.colcon_core.shell:Skip shell extension 'powershell' for command environment: Not usable outside of PowerShell
[0.797s] DEBUG:colcon.colcon_core.shell:Skip shell extension 'dsv' for command environment
[0.825s] DEBUG:colcon.colcon_core.event_handler.log_command:Invoking command in '/home/alpha/Desktop/mecanumbot/build/mecanumbot_hardware': CMAKE_PREFIX_PATH=${CMAKE_PREFIX_PATH}:/home/alpha/ws_moveit/install/moveit_configs_utils:/home/alpha/roarm_ws_em0/install/ros2web_widgets:/home/alpha/roarm_ws_em0/install/ros2web_example_py:/home/alpha/roarm_ws_em0/install/roarm_web_app:/home/alpha/roarm_ws_em0/install/ros2web_app:/home/alpha/roarm_ws_em0/install/ros2web:/home/alpha/roarm_ws_em0/install/roarm_driver:/home/alpha/roarm_ws_em0/install/launch_api:/opt/ros/humble /usr/bin/cmake --build /home/alpha/Desktop/mecanumbot/build/mecanumbot_hardware -- -j12 -l12
[1.268s] DEBUG:colcon.colcon_core.event_handler.log_command:Invoked command in '/home/alpha/Desktop/mecanumbot/build/mecanumbot_hardware' returned '0': CMAKE_PREFIX_PATH=${CMAKE_PREFIX_PATH}:/home/alpha/ws_moveit/install/moveit_configs_utils:/home/alpha/roarm_ws_em0/install/ros2web_widgets:/home/alpha/roarm_ws_em0/install/ros2web_example_py:/home/alpha/roarm_ws_em0/install/roarm_web_app:/home/alpha/roarm_ws_em0/install/ros2web_app:/home/alpha/roarm_ws_em0/install/ros2web:/home/alpha/roarm_ws_em0/install/roarm_driver:/home/alpha/roarm_ws_em0/install/launch_api:/opt/ros/humble /usr/bin/cmake --build /home/alpha/Desktop/mecanumbot/build/mecanumbot_hardware -- -j12 -l12
[1.302s] DEBUG:colcon.colcon_core.event_handler.log_command:Invoking command in '/home/alpha/Desktop/mecanumbot/build/mecanumbot_hardware': CMAKE_PREFIX_PATH=${CMAKE_PREFIX_PATH}:/home/alpha/ws_moveit/install/moveit_configs_utils:/home/alpha/roarm_ws_em0/install/ros2web_widgets:/home/alpha/roarm_ws_em0/install/ros2web_example_py:/home/alpha/roarm_ws_em0/install/roarm_web_app:/home/alpha/roarm_ws_em0/install/ros2web_app:/home/alpha/roarm_ws_em0/install/ros2web:/home/alpha/roarm_ws_em0/install/roarm_driver:/home/alpha/roarm_ws_em0/install/launch_api:/opt/ros/humble /usr/bin/cmake --install /home/alpha/Desktop/mecanumbot/build/mecanumbot_hardware
[1.337s] Level 1:colcon.colcon_core.environment:create_environment_scripts_only(mecanumbot_hardware)
[1.339s] DEBUG:colcon.colcon_core.event_handler.log_command:Invoked command in '/home/alpha/Desktop/mecanumbot/build/mecanumbot_hardware' returned '0': CMAKE_PREFIX_PATH=${CMAKE_PREFIX_PATH}:/home/alpha/ws_moveit/install/moveit_configs_utils:/home/alpha/roarm_ws_em0/install/ros2web_widgets:/home/alpha/roarm_ws_em0/install/ros2web_example_py:/home/alpha/roarm_ws_em0/install/roarm_web_app:/home/alpha/roarm_ws_em0/install/ros2web_app:/home/alpha/roarm_ws_em0/install/ros2web:/home/alpha/roarm_ws_em0/install/roarm_driver:/home/alpha/roarm_ws_em0/install/launch_api:/opt/ros/humble /usr/bin/cmake --install /home/alpha/Desktop/mecanumbot/build/mecanumbot_hardware
[1.347s] Level 1:colcon.colcon_core.environment:checking '/home/alpha/Desktop/mecanumbot/install/mecanumbot_hardware' for CMake module files
[1.349s] Level 1:colcon.colcon_core.environment:checking '/home/alpha/Desktop/mecanumbot/install/mecanumbot_hardware' for CMake config files
[1.350s] Level 1:colcon.colcon_core.shell:create_environment_hook('mecanumbot_hardware', 'cmake_prefix_path')
[1.351s] INFO:colcon.colcon_core.shell:Creating environment hook '/home/alpha/Desktop/mecanumbot/install/mecanumbot_hardware/share/mecanumbot_hardware/hook/cmake_prefix_path.ps1'
[1.354s] INFO:colcon.colcon_core.shell:Creating environment descriptor '/home/alpha/Desktop/mecanumbot/install/mecanumbot_hardware/share/mecanumbot_hardware/hook/cmake_prefix_path.dsv'
[1.355s] INFO:colcon.colcon_core.shell:Creating environment hook '/home/alpha/Desktop/mecanumbot/install/mecanumbot_hardware/share/mecanumbot_hardware/hook/cmake_prefix_path.sh'
[1.358s] Level 1:colcon.colcon_core.environment:checking '/home/alpha/Desktop/mecanumbot/install/mecanumbot_hardware/lib'
[1.358s] Level 1:colcon.colcon_core.shell:create_environment_hook('mecanumbot_hardware', 'ld_library_path_lib')
[1.359s] INFO:colcon.colcon_core.shell:Creating environment hook '/home/alpha/Desktop/mecanumbot/install/mecanumbot_hardware/share/mecanumbot_hardware/hook/ld_library_path_lib.ps1'
[1.360s] INFO:colcon.colcon_core.shell:Creating environment descriptor '/home/alpha/Desktop/mecanumbot/install/mecanumbot_hardware/share/mecanumbot_hardware/hook/ld_library_path_lib.dsv'
[1.362s] INFO:colcon.colcon_core.shell:Creating environment hook '/home/alpha/Desktop/mecanumbot/install/mecanumbot_hardware/share/mecanumbot_hardware/hook/ld_library_path_lib.sh'
[1.363s] Level 1:colcon.colcon_core.environment:checking '/home/alpha/Desktop/mecanumbot/install/mecanumbot_hardware/bin'
[1.363s] Level 1:colcon.colcon_core.environment:checking '/home/alpha/Desktop/mecanumbot/install/mecanumbot_hardware/lib/pkgconfig/mecanumbot_hardware.pc'
[1.364s] Level 1:colcon.colcon_core.environment:checking '/home/alpha/Desktop/mecanumbot/install/mecanumbot_hardware/lib/python3.10/site-packages'
[1.365s] Level 1:colcon.colcon_core.environment:checking '/home/alpha/Desktop/mecanumbot/install/mecanumbot_hardware/bin'
[1.365s] INFO:colcon.colcon_core.shell:Creating package script '/home/alpha/Desktop/mecanumbot/install/mecanumbot_hardware/share/mecanumbot_hardware/package.ps1'
[1.368s] INFO:colcon.colcon_core.shell:Creating package descriptor '/home/alpha/Desktop/mecanumbot/install/mecanumbot_hardware/share/mecanumbot_hardware/package.dsv'
[1.369s] INFO:colcon.colcon_core.shell:Creating package script '/home/alpha/Desktop/mecanumbot/install/mecanumbot_hardware/share/mecanumbot_hardware/package.sh'
[1.371s] INFO:colcon.colcon_core.shell:Creating package script '/home/alpha/Desktop/mecanumbot/install/mecanumbot_hardware/share/mecanumbot_hardware/package.bash'
[1.373s] INFO:colcon.colcon_core.shell:Creating package script '/home/alpha/Desktop/mecanumbot/install/mecanumbot_hardware/share/mecanumbot_hardware/package.zsh'
[1.375s] Level 1:colcon.colcon_core.environment:create_file_with_runtime_dependencies(/home/alpha/Desktop/mecanumbot/install/mecanumbot_hardware/share/colcon-core/packages/mecanumbot_hardware)
[1.377s] Level 1:colcon.colcon_core.environment:create_environment_scripts_only(mecanumbot_hardware)
[1.377s] Level 1:colcon.colcon_core.environment:checking '/home/alpha/Desktop/mecanumbot/install/mecanumbot_hardware' for CMake module files
[1.378s] Level 1:colcon.colcon_core.environment:checking '/home/alpha/Desktop/mecanumbot/install/mecanumbot_hardware' for CMake config files
[1.379s] Level 1:colcon.colcon_core.shell:create_environment_hook('mecanumbot_hardware', 'cmake_prefix_path')
[1.379s] INFO:colcon.colcon_core.shell:Creating environment hook '/home/alpha/Desktop/mecanumbot/install/mecanumbot_hardware/share/mecanumbot_hardware/hook/cmake_prefix_path.ps1'
[1.381s] INFO:colcon.colcon_core.shell:Creating environment descriptor '/home/alpha/Desktop/mecanumbot/install/mecanumbot_hardware/share/mecanumbot_hardware/hook/cmake_prefix_path.dsv'
[1.382s] INFO:colcon.colcon_core.shell:Creating environment hook '/home/alpha/Desktop/mecanumbot/install/mecanumbot_hardware/share/mecanumbot_hardware/hook/cmake_prefix_path.sh'
[1.383s] Level 1:colcon.colcon_core.environment:checking '/home/alpha/Desktop/mecanumbot/install/mecanumbot_hardware/lib'
[1.383s] Level 1:colcon.colcon_core.shell:create_environment_hook('mecanumbot_hardware', 'ld_library_path_lib')
[1.383s] INFO:colcon.colcon_core.shell:Creating environment hook '/home/alpha/Desktop/mecanumbot/install/mecanumbot_hardware/share/mecanumbot_hardware/hook/ld_library_path_lib.ps1'
[1.384s] INFO:colcon.colcon_core.shell:Creating environment descriptor '/home/alpha/Desktop/mecanumbot/install/mecanumbot_hardware/share/mecanumbot_hardware/hook/ld_library_path_lib.dsv'
[1.385s] INFO:colcon.colcon_core.shell:Creating environment hook '/home/alpha/Desktop/mecanumbot/install/mecanumbot_hardware/share/mecanumbot_hardware/hook/ld_library_path_lib.sh'
[1.386s] Level 1:colcon.colcon_core.environment:checking '/home/alpha/Desktop/mecanumbot/install/mecanumbot_hardware/bin'
[1.386s] Level 1:colcon.colcon_core.environment:checking '/home/alpha/Desktop/mecanumbot/install/mecanumbot_hardware/lib/pkgconfig/mecanumbot_hardware.pc'
[1.387s] Level 1:colcon.colcon_core.environment:checking '/home/alpha/Desktop/mecanumbot/install/mecanumbot_hardware/lib/python3.10/site-packages'
[1.387s] Level 1:colcon.colcon_core.environment:checking '/home/alpha/Desktop/mecanumbot/install/mecanumbot_hardware/bin'
[1.388s] INFO:colcon.colcon_core.shell:Creating package script '/home/alpha/Desktop/mecanumbot/install/mecanumbot_hardware/share/mecanumbot_hardware/package.ps1'
[1.389s] INFO:colcon.colcon_core.shell:Creating package descriptor '/home/alpha/Desktop/mecanumbot/install/mecanumbot_hardware/share/mecanumbot_hardware/package.dsv'
[1.391s] INFO:colcon.colcon_core.shell:Creating package script '/home/alpha/Desktop/mecanumbot/install/mecanumbot_hardware/share/mecanumbot_hardware/package.sh'
[1.392s] INFO:colcon.colcon_core.shell:Creating package script '/home/alpha/Desktop/mecanumbot/install/mecanumbot_hardware/share/mecanumbot_hardware/package.bash'
[1.394s] INFO:colcon.colcon_core.shell:Creating package script '/home/alpha/Desktop/mecanumbot/install/mecanumbot_hardware/share/mecanumbot_hardware/package.zsh'
[1.395s] Level 1:colcon.colcon_core.environment:create_file_with_runtime_dependencies(/home/alpha/Desktop/mecanumbot/install/mecanumbot_hardware/share/colcon-core/packages/mecanumbot_hardware)
[1.395s] DEBUG:colcon.colcon_parallel_executor.executor.parallel:closing loop
[1.396s] DEBUG:colcon.colcon_parallel_executor.executor.parallel:loop closed
[1.397s] DEBUG:colcon.colcon_parallel_executor.executor.parallel:run_until_complete finished with '0'
[1.397s] DEBUG:colcon.colcon_core.event_reactor:joining thread
[1.409s] INFO:colcon.colcon_core.plugin_system:Skipping extension 'colcon_notification.desktop_notification.terminal_notifier': Not used on non-Darwin systems
[1.410s] INFO:colcon.colcon_core.plugin_system:Skipping extension 'colcon_notification.desktop_notification.win32': Not used on non-Windows systems
[1.410s] INFO:colcon.colcon_notification.desktop_notification:Sending desktop notification using 'notify2'
[1.451s] DEBUG:colcon.colcon_core.event_reactor:joined thread
[1.452s] INFO:colcon.colcon_core.shell:Creating prefix script '/home/alpha/Desktop/mecanumbot/install/local_setup.ps1'
[1.455s] INFO:colcon.colcon_core.shell:Creating prefix util module '/home/alpha/Desktop/mecanumbot/install/_local_setup_util_ps1.py'
[1.460s] INFO:colcon.colcon_core.shell:Creating prefix chain script '/home/alpha/Desktop/mecanumbot/install/setup.ps1'
[1.472s] INFO:colcon.colcon_core.shell:Creating prefix script '/home/alpha/Desktop/mecanumbot/install/local_setup.sh'
[1.474s] INFO:colcon.colcon_core.shell:Creating prefix util module '/home/alpha/Desktop/mecanumbot/install/_local_setup_util_sh.py'
[1.476s] INFO:colcon.colcon_core.shell:Creating prefix chain script '/home/alpha/Desktop/mecanumbot/install/setup.sh'
[1.488s] INFO:colcon.colcon_core.shell:Creating prefix script '/home/alpha/Desktop/mecanumbot/install/local_setup.bash'
[1.489s] INFO:colcon.colcon_core.shell:Creating prefix chain script '/home/alpha/Desktop/mecanumbot/install/setup.bash'
[1.500s] INFO:colcon.colcon_core.shell:Creating prefix script '/home/alpha/Desktop/mecanumbot/install/local_setup.zsh'
[1.502s] INFO:colcon.colcon_core.shell:Creating prefix chain script '/home/alpha/Desktop/mecanumbot/install/setup.zsh'
