[0.182s] DEBUG:colcon:Command line arguments: ['/usr/bin/colcon', 'build']
[0.183s] DEBUG:colcon:Parsed command line arguments: Namespace(log_base=None, log_level=None, verb_name='build', build_base='build', install_base='install', merge_install=False, symlink_install=False, test_result_base=None, continue_on_error=False, executor='parallel', parallel_workers=12, event_handlers=None, ignore_user_meta=False, metas=['./colcon.meta'], base_paths=['.'], packages_ignore=None, packages_ignore_regex=None, paths=None, packages_up_to=None, packages_up_to_regex=None, packages_above=None, packages_above_and_dependencies=None, packages_above_depth=None, packages_select_by_dep=None, packages_skip_by_dep=None, packages_skip_up_to=None, packages_select_build_failed=False, packages_skip_build_finished=False, packages_select_test_failures=False, packages_skip_test_passed=False, packages_select=None, packages_skip=None, packages_select_regex=None, packages_skip_regex=None, packages_start=None, packages_end=None, allow_overriding=[], cmake_args=None, cmake_target=None, cmake_target_skip_unavailable=False, cmake_clean_cache=False, cmake_clean_first=False, cmake_force_configure=False, ament_cmake_args=None, catkin_cmake_args=None, catkin_skip_building_tests=False, verb_parser=<colcon_defaults.argument_parser.defaults.DefaultArgumentsDecorator object at 0xffffb926b190>, verb_extension=<colcon_core.verb.build.BuildVerb object at 0xffffb926ab90>, main=<bound method BuildVerb.main of <colcon_core.verb.build.BuildVerb object at 0xffffb926ab90>>)
[0.518s] Level 1:colcon.colcon_core.package_discovery:discover_packages(colcon_meta) check parameters
[0.518s] Level 1:colcon.colcon_core.package_discovery:discover_packages(recursive) check parameters
[0.518s] Level 1:colcon.colcon_core.package_discovery:discover_packages(ignore) check parameters
[0.518s] Level 1:colcon.colcon_core.package_discovery:discover_packages(path) check parameters
[0.518s] Level 1:colcon.colcon_core.package_discovery:discover_packages(colcon_meta) discover
[0.519s] Level 1:colcon.colcon_core.package_discovery:discover_packages(recursive) discover
[0.519s] INFO:colcon.colcon_core.package_discovery:Crawling recursively for packages in '/home/alpha/Desktop/mecanumbot'
[0.519s] Level 1:colcon.colcon_core.package_identification:_identify(.) by extensions ['ignore', 'ignore_ament_install']
[0.519s] Level 1:colcon.colcon_core.package_identification:_identify(.) by extension 'ignore'
[0.519s] Level 1:colcon.colcon_core.package_identification:_identify(.) by extension 'ignore_ament_install'
[0.519s] Level 1:colcon.colcon_core.package_identification:_identify(.) by extensions ['colcon_pkg']
[0.519s] Level 1:colcon.colcon_core.package_identification:_identify(.) by extension 'colcon_pkg'
[0.519s] Level 1:colcon.colcon_core.package_identification:_identify(.) by extensions ['colcon_meta']
[0.519s] Level 1:colcon.colcon_core.package_identification:_identify(.) by extension 'colcon_meta'
[0.519s] Level 1:colcon.colcon_core.package_identification:_identify(.) by extensions ['ros']
[0.519s] Level 1:colcon.colcon_core.package_identification:_identify(.) by extension 'ros'
[0.561s] Level 1:colcon.colcon_core.package_identification:_identify(.) by extensions ['cmake', 'python']
[0.561s] Level 1:colcon.colcon_core.package_identification:_identify(.) by extension 'cmake'
[0.561s] Level 1:colcon.colcon_core.package_identification:_identify(.) by extension 'python'
[0.561s] Level 1:colcon.colcon_core.package_identification:_identify(.) by extensions ['python_setup_py']
[0.561s] Level 1:colcon.colcon_core.package_identification:_identify(.) by extension 'python_setup_py'
[0.561s] Level 1:colcon.colcon_core.package_identification:_identify(build) by extensions ['ignore', 'ignore_ament_install']
[0.562s] Level 1:colcon.colcon_core.package_identification:_identify(build) by extension 'ignore'
[0.562s] Level 1:colcon.colcon_core.package_identification:_identify(build) ignored
[0.562s] Level 1:colcon.colcon_core.package_identification:_identify(install) by extensions ['ignore', 'ignore_ament_install']
[0.562s] Level 1:colcon.colcon_core.package_identification:_identify(install) by extension 'ignore'
[0.562s] Level 1:colcon.colcon_core.package_identification:_identify(install) ignored
[0.562s] Level 1:colcon.colcon_core.package_identification:_identify(log) by extensions ['ignore', 'ignore_ament_install']
[0.562s] Level 1:colcon.colcon_core.package_identification:_identify(log) by extension 'ignore'
[0.562s] Level 1:colcon.colcon_core.package_identification:_identify(log) ignored
[0.563s] Level 1:colcon.colcon_core.package_identification:_identify(src) by extensions ['ignore', 'ignore_ament_install']
[0.563s] Level 1:colcon.colcon_core.package_identification:_identify(src) by extension 'ignore'
[0.563s] Level 1:colcon.colcon_core.package_identification:_identify(src) by extension 'ignore_ament_install'
[0.563s] Level 1:colcon.colcon_core.package_identification:_identify(src) by extensions ['colcon_pkg']
[0.563s] Level 1:colcon.colcon_core.package_identification:_identify(src) by extension 'colcon_pkg'
[0.563s] Level 1:colcon.colcon_core.package_identification:_identify(src) by extensions ['colcon_meta']
[0.563s] Level 1:colcon.colcon_core.package_identification:_identify(src) by extension 'colcon_meta'
[0.563s] Level 1:colcon.colcon_core.package_identification:_identify(src) by extensions ['ros']
[0.563s] Level 1:colcon.colcon_core.package_identification:_identify(src) by extension 'ros'
[0.563s] Level 1:colcon.colcon_core.package_identification:_identify(src) by extensions ['cmake', 'python']
[0.563s] Level 1:colcon.colcon_core.package_identification:_identify(src) by extension 'cmake'
[0.563s] Level 1:colcon.colcon_core.package_identification:_identify(src) by extension 'python'
[0.563s] Level 1:colcon.colcon_core.package_identification:_identify(src) by extensions ['python_setup_py']
[0.563s] Level 1:colcon.colcon_core.package_identification:_identify(src) by extension 'python_setup_py'
[0.564s] Level 1:colcon.colcon_core.package_identification:_identify(src/mecanumbot_hardware) by extensions ['ignore', 'ignore_ament_install']
[0.564s] Level 1:colcon.colcon_core.package_identification:_identify(src/mecanumbot_hardware) by extension 'ignore'
[0.564s] Level 1:colcon.colcon_core.package_identification:_identify(src/mecanumbot_hardware) by extension 'ignore_ament_install'
[0.564s] Level 1:colcon.colcon_core.package_identification:_identify(src/mecanumbot_hardware) by extensions ['colcon_pkg']
[0.564s] Level 1:colcon.colcon_core.package_identification:_identify(src/mecanumbot_hardware) by extension 'colcon_pkg'
[0.564s] Level 1:colcon.colcon_core.package_identification:_identify(src/mecanumbot_hardware) by extensions ['colcon_meta']
[0.564s] Level 1:colcon.colcon_core.package_identification:_identify(src/mecanumbot_hardware) by extension 'colcon_meta'
[0.564s] Level 1:colcon.colcon_core.package_identification:_identify(src/mecanumbot_hardware) by extensions ['ros']
[0.564s] Level 1:colcon.colcon_core.package_identification:_identify(src/mecanumbot_hardware) by extension 'ros'
[0.569s] DEBUG:colcon.colcon_core.package_identification:Package 'src/mecanumbot_hardware' with type 'ros.ament_cmake' and name 'mecanumbot_hardware'
[0.570s] Level 1:colcon.colcon_core.package_discovery:discover_packages(recursive) using defaults
[0.570s] Level 1:colcon.colcon_core.package_discovery:discover_packages(ignore) discover
[0.570s] Level 1:colcon.colcon_core.package_discovery:discover_packages(ignore) using defaults
[0.570s] Level 1:colcon.colcon_core.package_discovery:discover_packages(path) discover
[0.570s] Level 1:colcon.colcon_core.package_discovery:discover_packages(path) using defaults
[0.604s] Level 1:colcon.colcon_core.package_discovery:discover_packages(prefix_path) check parameters
[0.604s] Level 1:colcon.colcon_core.package_discovery:discover_packages(prefix_path) discover
[0.606s] WARNING:colcon.colcon_ros.prefix_path.ament:The path '/home/alpha/Desktop/mecanumbot/install/mecanumbot_hardware' in the environment variable AMENT_PREFIX_PATH doesn't exist
[0.606s] WARNING:colcon.colcon_ros.prefix_path.ament:The path '/home/alpha/Desktop/mecanumbot/install/mecanum_bot_hardware' in the environment variable AMENT_PREFIX_PATH doesn't exist
[0.611s] WARNING:colcon.colcon_ros.prefix_path.ament:The path '/home/alpha/Desktop/mecanumbot/install' in the environment variable AMENT_PREFIX_PATH doesn't contain any 'local_setup.*' files.
[0.611s] WARNING:colcon.colcon_ros.prefix_path.catkin:The path '/home/alpha/Desktop/mecanumbot/install/mecanumbot_hardware' in the environment variable CMAKE_PREFIX_PATH doesn't exist
[0.611s] WARNING:colcon.colcon_ros.prefix_path.catkin:The path '/home/alpha/Desktop/mecanumbot/install/mecanum_bot_hardware' in the environment variable CMAKE_PREFIX_PATH doesn't exist
[0.613s] DEBUG:colcon.colcon_installed_package_information.package_discovery:Found 0 installed packages in /home/alpha/Desktop/mecanumbot/install
[0.614s] DEBUG:colcon.colcon_installed_package_information.package_discovery:Found 5 installed packages in /home/alpha/gazebo_ros_ws/install
[0.618s] DEBUG:colcon.colcon_installed_package_information.package_discovery:Found 70 installed packages in /home/alpha/ws_moveit/install
[0.619s] DEBUG:colcon.colcon_installed_package_information.package_discovery:Found 13 installed packages in /home/alpha/roarm_ws_em0/install
[0.622s] DEBUG:colcon.colcon_installed_package_information.package_discovery:Found 395 installed packages in /opt/ros/humble
[0.626s] Level 1:colcon.colcon_core.package_discovery:discover_packages(prefix_path) using defaults
[0.705s] Level 5:colcon.colcon_core.verb:set package 'mecanumbot_hardware' build argument 'cmake_args' from command line to 'None'
[0.705s] Level 5:colcon.colcon_core.verb:set package 'mecanumbot_hardware' build argument 'cmake_target' from command line to 'None'
[0.705s] Level 5:colcon.colcon_core.verb:set package 'mecanumbot_hardware' build argument 'cmake_target_skip_unavailable' from command line to 'False'
[0.705s] Level 5:colcon.colcon_core.verb:set package 'mecanumbot_hardware' build argument 'cmake_clean_cache' from command line to 'False'
[0.705s] Level 5:colcon.colcon_core.verb:set package 'mecanumbot_hardware' build argument 'cmake_clean_first' from command line to 'False'
[0.705s] Level 5:colcon.colcon_core.verb:set package 'mecanumbot_hardware' build argument 'cmake_force_configure' from command line to 'False'
[0.705s] Level 5:colcon.colcon_core.verb:set package 'mecanumbot_hardware' build argument 'ament_cmake_args' from command line to 'None'
[0.706s] Level 5:colcon.colcon_core.verb:set package 'mecanumbot_hardware' build argument 'catkin_cmake_args' from command line to 'None'
[0.706s] Level 5:colcon.colcon_core.verb:set package 'mecanumbot_hardware' build argument 'catkin_skip_building_tests' from command line to 'False'
[0.706s] DEBUG:colcon.colcon_core.verb:Building package 'mecanumbot_hardware' with the following arguments: {'ament_cmake_args': None, 'build_base': '/home/alpha/Desktop/mecanumbot/build/mecanumbot_hardware', 'catkin_cmake_args': None, 'catkin_skip_building_tests': False, 'cmake_args': None, 'cmake_clean_cache': False, 'cmake_clean_first': False, 'cmake_force_configure': False, 'cmake_target': None, 'cmake_target_skip_unavailable': False, 'install_base': '/home/alpha/Desktop/mecanumbot/install/mecanumbot_hardware', 'merge_install': False, 'path': '/home/alpha/Desktop/mecanumbot/src/mecanumbot_hardware', 'symlink_install': False, 'test_result_base': None}
[0.706s] INFO:colcon.colcon_core.executor:Executing jobs using 'parallel' executor
[0.708s] DEBUG:colcon.colcon_parallel_executor.executor.parallel:run_until_complete
[0.709s] INFO:colcon.colcon_ros.task.ament_cmake.build:Building ROS package in '/home/alpha/Desktop/mecanumbot/src/mecanumbot_hardware' with build type 'ament_cmake'
[0.709s] INFO:colcon.colcon_cmake.task.cmake.build:Building CMake package in '/home/alpha/Desktop/mecanumbot/src/mecanumbot_hardware'
[0.713s] INFO:colcon.colcon_core.plugin_system:Skipping extension 'colcon_core.shell.bat': Not used on non-Windows systems
[0.713s] INFO:colcon.colcon_core.shell:Skip shell extension 'powershell' for command environment: Not usable outside of PowerShell
[0.713s] DEBUG:colcon.colcon_core.shell:Skip shell extension 'dsv' for command environment
[0.742s] DEBUG:colcon.colcon_core.event_handler.log_command:Invoking command in '/home/alpha/Desktop/mecanumbot/build/mecanumbot_hardware': CMAKE_PREFIX_PATH=${CMAKE_PREFIX_PATH}:/home/alpha/ws_moveit/install/moveit_configs_utils:/home/alpha/roarm_ws_em0/install/ros2web_widgets:/home/alpha/roarm_ws_em0/install/ros2web_example_py:/home/alpha/roarm_ws_em0/install/roarm_web_app:/home/alpha/roarm_ws_em0/install/ros2web_app:/home/alpha/roarm_ws_em0/install/ros2web:/home/alpha/roarm_ws_em0/install/roarm_driver:/home/alpha/roarm_ws_em0/install/launch_api:/opt/ros/humble:/home/alpha/Desktop/mecanumbot/install /usr/bin/cmake /home/alpha/Desktop/mecanumbot/src/mecanumbot_hardware -DCMAKE_INSTALL_PREFIX=/home/alpha/Desktop/mecanumbot/install/mecanumbot_hardware
[5.258s] DEBUG:colcon.colcon_core.event_handler.log_command:Invoked command in '/home/alpha/Desktop/mecanumbot/build/mecanumbot_hardware' returned '0': CMAKE_PREFIX_PATH=${CMAKE_PREFIX_PATH}:/home/alpha/ws_moveit/install/moveit_configs_utils:/home/alpha/roarm_ws_em0/install/ros2web_widgets:/home/alpha/roarm_ws_em0/install/ros2web_example_py:/home/alpha/roarm_ws_em0/install/roarm_web_app:/home/alpha/roarm_ws_em0/install/ros2web_app:/home/alpha/roarm_ws_em0/install/ros2web:/home/alpha/roarm_ws_em0/install/roarm_driver:/home/alpha/roarm_ws_em0/install/launch_api:/opt/ros/humble:/home/alpha/Desktop/mecanumbot/install /usr/bin/cmake /home/alpha/Desktop/mecanumbot/src/mecanumbot_hardware -DCMAKE_INSTALL_PREFIX=/home/alpha/Desktop/mecanumbot/install/mecanumbot_hardware
[5.264s] DEBUG:colcon.colcon_core.event_handler.log_command:Invoking command in '/home/alpha/Desktop/mecanumbot/build/mecanumbot_hardware': CMAKE_PREFIX_PATH=${CMAKE_PREFIX_PATH}:/home/alpha/ws_moveit/install/moveit_configs_utils:/home/alpha/roarm_ws_em0/install/ros2web_widgets:/home/alpha/roarm_ws_em0/install/ros2web_example_py:/home/alpha/roarm_ws_em0/install/roarm_web_app:/home/alpha/roarm_ws_em0/install/ros2web_app:/home/alpha/roarm_ws_em0/install/ros2web:/home/alpha/roarm_ws_em0/install/roarm_driver:/home/alpha/roarm_ws_em0/install/launch_api:/opt/ros/humble:/home/alpha/Desktop/mecanumbot/install /usr/bin/cmake --build /home/alpha/Desktop/mecanumbot/build/mecanumbot_hardware -- -j12 -l12
[20.866s] DEBUG:colcon.colcon_core.event_handler.log_command:Invoked command in '/home/alpha/Desktop/mecanumbot/build/mecanumbot_hardware' returned '0': CMAKE_PREFIX_PATH=${CMAKE_PREFIX_PATH}:/home/alpha/ws_moveit/install/moveit_configs_utils:/home/alpha/roarm_ws_em0/install/ros2web_widgets:/home/alpha/roarm_ws_em0/install/ros2web_example_py:/home/alpha/roarm_ws_em0/install/roarm_web_app:/home/alpha/roarm_ws_em0/install/ros2web_app:/home/alpha/roarm_ws_em0/install/ros2web:/home/alpha/roarm_ws_em0/install/roarm_driver:/home/alpha/roarm_ws_em0/install/launch_api:/opt/ros/humble:/home/alpha/Desktop/mecanumbot/install /usr/bin/cmake --build /home/alpha/Desktop/mecanumbot/build/mecanumbot_hardware -- -j12 -l12
[20.898s] DEBUG:colcon.colcon_core.event_handler.log_command:Invoking command in '/home/alpha/Desktop/mecanumbot/build/mecanumbot_hardware': CMAKE_PREFIX_PATH=${CMAKE_PREFIX_PATH}:/home/alpha/ws_moveit/install/moveit_configs_utils:/home/alpha/roarm_ws_em0/install/ros2web_widgets:/home/alpha/roarm_ws_em0/install/ros2web_example_py:/home/alpha/roarm_ws_em0/install/roarm_web_app:/home/alpha/roarm_ws_em0/install/ros2web_app:/home/alpha/roarm_ws_em0/install/ros2web:/home/alpha/roarm_ws_em0/install/roarm_driver:/home/alpha/roarm_ws_em0/install/launch_api:/opt/ros/humble:/home/alpha/Desktop/mecanumbot/install /usr/bin/cmake --install /home/alpha/Desktop/mecanumbot/build/mecanumbot_hardware
[20.936s] Level 1:colcon.colcon_core.environment:create_environment_scripts_only(mecanumbot_hardware)
[20.937s] DEBUG:colcon.colcon_core.event_handler.log_command:Invoked command in '/home/alpha/Desktop/mecanumbot/build/mecanumbot_hardware' returned '0': CMAKE_PREFIX_PATH=${CMAKE_PREFIX_PATH}:/home/alpha/ws_moveit/install/moveit_configs_utils:/home/alpha/roarm_ws_em0/install/ros2web_widgets:/home/alpha/roarm_ws_em0/install/ros2web_example_py:/home/alpha/roarm_ws_em0/install/roarm_web_app:/home/alpha/roarm_ws_em0/install/ros2web_app:/home/alpha/roarm_ws_em0/install/ros2web:/home/alpha/roarm_ws_em0/install/roarm_driver:/home/alpha/roarm_ws_em0/install/launch_api:/opt/ros/humble:/home/alpha/Desktop/mecanumbot/install /usr/bin/cmake --install /home/alpha/Desktop/mecanumbot/build/mecanumbot_hardware
[20.946s] Level 1:colcon.colcon_core.environment:checking '/home/alpha/Desktop/mecanumbot/install/mecanumbot_hardware' for CMake module files
[20.948s] Level 1:colcon.colcon_core.environment:checking '/home/alpha/Desktop/mecanumbot/install/mecanumbot_hardware' for CMake config files
[20.949s] Level 1:colcon.colcon_core.shell:create_environment_hook('mecanumbot_hardware', 'cmake_prefix_path')
[20.950s] INFO:colcon.colcon_core.shell:Creating environment hook '/home/alpha/Desktop/mecanumbot/install/mecanumbot_hardware/share/mecanumbot_hardware/hook/cmake_prefix_path.ps1'
[20.953s] INFO:colcon.colcon_core.shell:Creating environment descriptor '/home/alpha/Desktop/mecanumbot/install/mecanumbot_hardware/share/mecanumbot_hardware/hook/cmake_prefix_path.dsv'
[20.954s] INFO:colcon.colcon_core.shell:Creating environment hook '/home/alpha/Desktop/mecanumbot/install/mecanumbot_hardware/share/mecanumbot_hardware/hook/cmake_prefix_path.sh'
[20.958s] Level 1:colcon.colcon_core.environment:checking '/home/alpha/Desktop/mecanumbot/install/mecanumbot_hardware/lib'
[20.958s] Level 1:colcon.colcon_core.shell:create_environment_hook('mecanumbot_hardware', 'ld_library_path_lib')
[20.959s] INFO:colcon.colcon_core.shell:Creating environment hook '/home/alpha/Desktop/mecanumbot/install/mecanumbot_hardware/share/mecanumbot_hardware/hook/ld_library_path_lib.ps1'
[20.960s] INFO:colcon.colcon_core.shell:Creating environment descriptor '/home/alpha/Desktop/mecanumbot/install/mecanumbot_hardware/share/mecanumbot_hardware/hook/ld_library_path_lib.dsv'
[20.962s] INFO:colcon.colcon_core.shell:Creating environment hook '/home/alpha/Desktop/mecanumbot/install/mecanumbot_hardware/share/mecanumbot_hardware/hook/ld_library_path_lib.sh'
[20.963s] Level 1:colcon.colcon_core.environment:checking '/home/alpha/Desktop/mecanumbot/install/mecanumbot_hardware/bin'
[20.963s] Level 1:colcon.colcon_core.environment:checking '/home/alpha/Desktop/mecanumbot/install/mecanumbot_hardware/lib/pkgconfig/mecanumbot_hardware.pc'
[20.964s] Level 1:colcon.colcon_core.environment:checking '/home/alpha/Desktop/mecanumbot/install/mecanumbot_hardware/lib/python3.10/site-packages'
[20.965s] Level 1:colcon.colcon_core.environment:checking '/home/alpha/Desktop/mecanumbot/install/mecanumbot_hardware/bin'
[20.966s] INFO:colcon.colcon_core.shell:Creating package script '/home/alpha/Desktop/mecanumbot/install/mecanumbot_hardware/share/mecanumbot_hardware/package.ps1'
[20.968s] INFO:colcon.colcon_core.shell:Creating package descriptor '/home/alpha/Desktop/mecanumbot/install/mecanumbot_hardware/share/mecanumbot_hardware/package.dsv'
[20.970s] INFO:colcon.colcon_core.shell:Creating package script '/home/alpha/Desktop/mecanumbot/install/mecanumbot_hardware/share/mecanumbot_hardware/package.sh'
[20.972s] INFO:colcon.colcon_core.shell:Creating package script '/home/alpha/Desktop/mecanumbot/install/mecanumbot_hardware/share/mecanumbot_hardware/package.bash'
[20.974s] INFO:colcon.colcon_core.shell:Creating package script '/home/alpha/Desktop/mecanumbot/install/mecanumbot_hardware/share/mecanumbot_hardware/package.zsh'
[20.975s] Level 1:colcon.colcon_core.environment:create_file_with_runtime_dependencies(/home/alpha/Desktop/mecanumbot/install/mecanumbot_hardware/share/colcon-core/packages/mecanumbot_hardware)
[20.977s] Level 1:colcon.colcon_core.environment:create_environment_scripts_only(mecanumbot_hardware)
[20.977s] Level 1:colcon.colcon_core.environment:checking '/home/alpha/Desktop/mecanumbot/install/mecanumbot_hardware' for CMake module files
[20.978s] Level 1:colcon.colcon_core.environment:checking '/home/alpha/Desktop/mecanumbot/install/mecanumbot_hardware' for CMake config files
[20.979s] Level 1:colcon.colcon_core.shell:create_environment_hook('mecanumbot_hardware', 'cmake_prefix_path')
[20.979s] INFO:colcon.colcon_core.shell:Creating environment hook '/home/alpha/Desktop/mecanumbot/install/mecanumbot_hardware/share/mecanumbot_hardware/hook/cmake_prefix_path.ps1'
[20.980s] INFO:colcon.colcon_core.shell:Creating environment descriptor '/home/alpha/Desktop/mecanumbot/install/mecanumbot_hardware/share/mecanumbot_hardware/hook/cmake_prefix_path.dsv'
[20.981s] INFO:colcon.colcon_core.shell:Creating environment hook '/home/alpha/Desktop/mecanumbot/install/mecanumbot_hardware/share/mecanumbot_hardware/hook/cmake_prefix_path.sh'
[20.983s] Level 1:colcon.colcon_core.environment:checking '/home/alpha/Desktop/mecanumbot/install/mecanumbot_hardware/lib'
[20.983s] Level 1:colcon.colcon_core.shell:create_environment_hook('mecanumbot_hardware', 'ld_library_path_lib')
[20.983s] INFO:colcon.colcon_core.shell:Creating environment hook '/home/alpha/Desktop/mecanumbot/install/mecanumbot_hardware/share/mecanumbot_hardware/hook/ld_library_path_lib.ps1'
[20.984s] INFO:colcon.colcon_core.shell:Creating environment descriptor '/home/alpha/Desktop/mecanumbot/install/mecanumbot_hardware/share/mecanumbot_hardware/hook/ld_library_path_lib.dsv'
[20.985s] INFO:colcon.colcon_core.shell:Creating environment hook '/home/alpha/Desktop/mecanumbot/install/mecanumbot_hardware/share/mecanumbot_hardware/hook/ld_library_path_lib.sh'
[20.986s] Level 1:colcon.colcon_core.environment:checking '/home/alpha/Desktop/mecanumbot/install/mecanumbot_hardware/bin'
[20.987s] Level 1:colcon.colcon_core.environment:checking '/home/alpha/Desktop/mecanumbot/install/mecanumbot_hardware/lib/pkgconfig/mecanumbot_hardware.pc'
[20.987s] Level 1:colcon.colcon_core.environment:checking '/home/alpha/Desktop/mecanumbot/install/mecanumbot_hardware/lib/python3.10/site-packages'
[20.988s] Level 1:colcon.colcon_core.environment:checking '/home/alpha/Desktop/mecanumbot/install/mecanumbot_hardware/bin'
[20.989s] INFO:colcon.colcon_core.shell:Creating package script '/home/alpha/Desktop/mecanumbot/install/mecanumbot_hardware/share/mecanumbot_hardware/package.ps1'
[20.991s] INFO:colcon.colcon_core.shell:Creating package descriptor '/home/alpha/Desktop/mecanumbot/install/mecanumbot_hardware/share/mecanumbot_hardware/package.dsv'
[20.993s] INFO:colcon.colcon_core.shell:Creating package script '/home/alpha/Desktop/mecanumbot/install/mecanumbot_hardware/share/mecanumbot_hardware/package.sh'
[20.994s] INFO:colcon.colcon_core.shell:Creating package script '/home/alpha/Desktop/mecanumbot/install/mecanumbot_hardware/share/mecanumbot_hardware/package.bash'
[20.995s] INFO:colcon.colcon_core.shell:Creating package script '/home/alpha/Desktop/mecanumbot/install/mecanumbot_hardware/share/mecanumbot_hardware/package.zsh'
[20.996s] Level 1:colcon.colcon_core.environment:create_file_with_runtime_dependencies(/home/alpha/Desktop/mecanumbot/install/mecanumbot_hardware/share/colcon-core/packages/mecanumbot_hardware)
[20.996s] DEBUG:colcon.colcon_parallel_executor.executor.parallel:closing loop
[20.997s] DEBUG:colcon.colcon_parallel_executor.executor.parallel:loop closed
[20.998s] DEBUG:colcon.colcon_parallel_executor.executor.parallel:run_until_complete finished with '0'
[20.998s] DEBUG:colcon.colcon_core.event_reactor:joining thread
[21.015s] INFO:colcon.colcon_core.plugin_system:Skipping extension 'colcon_notification.desktop_notification.terminal_notifier': Not used on non-Darwin systems
[21.015s] INFO:colcon.colcon_core.plugin_system:Skipping extension 'colcon_notification.desktop_notification.win32': Not used on non-Windows systems
[21.015s] INFO:colcon.colcon_notification.desktop_notification:Sending desktop notification using 'notify2'
[21.059s] DEBUG:colcon.colcon_core.event_reactor:joined thread
[21.061s] INFO:colcon.colcon_core.shell:Creating prefix script '/home/alpha/Desktop/mecanumbot/install/local_setup.ps1'
[21.063s] INFO:colcon.colcon_core.shell:Creating prefix util module '/home/alpha/Desktop/mecanumbot/install/_local_setup_util_ps1.py'
[21.066s] INFO:colcon.colcon_core.shell:Creating prefix chain script '/home/alpha/Desktop/mecanumbot/install/setup.ps1'
[21.078s] INFO:colcon.colcon_core.shell:Creating prefix script '/home/alpha/Desktop/mecanumbot/install/local_setup.sh'
[21.079s] INFO:colcon.colcon_core.shell:Creating prefix util module '/home/alpha/Desktop/mecanumbot/install/_local_setup_util_sh.py'
[21.081s] INFO:colcon.colcon_core.shell:Creating prefix chain script '/home/alpha/Desktop/mecanumbot/install/setup.sh'
[21.094s] INFO:colcon.colcon_core.shell:Creating prefix script '/home/alpha/Desktop/mecanumbot/install/local_setup.bash'
[21.095s] INFO:colcon.colcon_core.shell:Creating prefix chain script '/home/alpha/Desktop/mecanumbot/install/setup.bash'
[21.105s] INFO:colcon.colcon_core.shell:Creating prefix script '/home/alpha/Desktop/mecanumbot/install/local_setup.zsh'
[21.106s] INFO:colcon.colcon_core.shell:Creating prefix chain script '/home/alpha/Desktop/mecanumbot/install/setup.zsh'
